{"/Users/eBookPro/Desktop/code/open-mic-guru/backend/src/app.js": {"path":"/Users/eBookPro/Desktop/code/open-mic-guru/backend/src/app.js","statementMap":{},"fnMap":{},"branchMap":{},"s":{},"f":{},"b":{}}
,"/Users/eBookPro/Desktop/code/open-mic-guru/backend/src/controllers/events.js": {"path":"/Users/eBookPro/Desktop/code/open-mic-guru/backend/src/controllers/events.js","statementMap":{},"fnMap":{},"branchMap":{},"s":{},"f":{},"b":{}}
,"/Users/eBookPro/Desktop/code/open-mic-guru/backend/src/controllers/users.js": {"path":"/Users/eBookPro/Desktop/code/open-mic-guru/backend/src/controllers/users.js","statementMap":{},"fnMap":{},"branchMap":{},"s":{},"f":{},"b":{}}
,"/Users/eBookPro/Desktop/code/open-mic-guru/backend/src/db/index.js": {"path":"/Users/eBookPro/Desktop/code/open-mic-guru/backend/src/db/index.js","statementMap":{"0":{"start":{"line":1,"column":17},"end":{"line":1,"column":30}},"1":{"start":{"line":2,"column":0},"end":{"line":2,"column":27}},"2":{"start":{"line":4,"column":13},"end":{"line":10,"column":2}},"3":{"start":{"line":12,"column":0},"end":{"line":15,"column":3}},"4":{"start":{"line":13,"column":4},"end":{"line":13,"column":58}},"5":{"start":{"line":14,"column":4},"end":{"line":14,"column":21}},"6":{"start":{"line":17,"column":0},"end":{"line":19,"column":3}},"7":{"start":{"line":18,"column":4},"end":{"line":18,"column":51}},"8":{"start":{"line":21,"column":0},"end":{"line":21,"column":22}}},"fnMap":{"0":{"name":"(anonymous_0)","decl":{"start":{"line":12,"column":17},"end":{"line":12,"column":18}},"loc":{"start":{"line":12,"column":26},"end":{"line":15,"column":1}},"line":12},"1":{"name":"(anonymous_1)","decl":{"start":{"line":17,"column":19},"end":{"line":17,"column":20}},"loc":{"start":{"line":17,"column":25},"end":{"line":19,"column":1}},"line":17}},"branchMap":{"0":{"loc":{"start":{"line":5,"column":10},"end":{"line":5,"column":42}},"type":"binary-expr","locations":[{"start":{"line":5,"column":10},"end":{"line":5,"column":28}},{"start":{"line":5,"column":32},"end":{"line":5,"column":42}}],"line":5},"1":{"loc":{"start":{"line":6,"column":10},"end":{"line":6,"column":43}},"type":"binary-expr","locations":[{"start":{"line":6,"column":10},"end":{"line":6,"column":28}},{"start":{"line":6,"column":32},"end":{"line":6,"column":43}}],"line":6},"2":{"loc":{"start":{"line":7,"column":14},"end":{"line":7,"column":55}},"type":"binary-expr","locations":[{"start":{"line":7,"column":14},"end":{"line":7,"column":36}},{"start":{"line":7,"column":40},"end":{"line":7,"column":55}}],"line":7},"3":{"loc":{"start":{"line":8,"column":14},"end":{"line":8,"column":57}},"type":"binary-expr","locations":[{"start":{"line":8,"column":14},"end":{"line":8,"column":36}},{"start":{"line":8,"column":40},"end":{"line":8,"column":57}}],"line":8},"4":{"loc":{"start":{"line":9,"column":10},"end":{"line":9,"column":36}},"type":"binary-expr","locations":[{"start":{"line":9,"column":10},"end":{"line":9,"column":28}},{"start":{"line":9,"column":32},"end":{"line":9,"column":36}}],"line":9}},"s":{"0":2,"1":2,"2":2,"3":2,"4":0,"5":0,"6":2,"7":3,"8":2},"f":{"0":0,"1":3},"b":{"0":[2,0],"1":[2,0],"2":[2,0],"3":[2,0],"4":[2,0]},"_coverageSchema":"1a1c01bbd47fc00a2c39e90264f33305004495a9","hash":"ade257e1a44da221ca83a2d8351563f65c4eed7b"}
,"/Users/eBookPro/Desktop/code/open-mic-guru/backend/src/db/init.js": {"path":"/Users/eBookPro/Desktop/code/open-mic-guru/backend/src/db/init.js","statementMap":{"0":{"start":{"line":1,"column":13},"end":{"line":1,"column":31}},"1":{"start":{"line":2,"column":15},"end":{"line":2,"column":34}},"2":{"start":{"line":5,"column":19},"end":{"line":5,"column":39}},"3":{"start":{"line":6,"column":4},"end":{"line":33,"column":5}},"4":{"start":{"line":7,"column":8},"end":{"line":7,"column":36}},"5":{"start":{"line":10,"column":27},"end":{"line":18,"column":9}},"6":{"start":{"line":20,"column":8},"end":{"line":23,"column":9}},"7":{"start":{"line":21,"column":12},"end":{"line":21,"column":50}},"8":{"start":{"line":22,"column":12},"end":{"line":22,"column":55}},"9":{"start":{"line":25,"column":8},"end":{"line":25,"column":37}},"10":{"start":{"line":26,"column":8},"end":{"line":26,"column":120}},"11":{"start":{"line":28,"column":8},"end":{"line":28,"column":39}},"12":{"start":{"line":29,"column":8},"end":{"line":29,"column":64}},"13":{"start":{"line":30,"column":8},"end":{"line":30,"column":20}},"14":{"start":{"line":32,"column":8},"end":{"line":32,"column":25}},"15":{"start":{"line":37,"column":0},"end":{"line":41,"column":1}},"16":{"start":{"line":38,"column":4},"end":{"line":40,"column":38}},"17":{"start":{"line":39,"column":20},"end":{"line":39,"column":35}},"18":{"start":{"line":40,"column":21},"end":{"line":40,"column":36}},"19":{"start":{"line":43,"column":0},"end":{"line":43,"column":36}}},"fnMap":{"0":{"name":"initializeDatabase","decl":{"start":{"line":4,"column":15},"end":{"line":4,"column":33}},"loc":{"start":{"line":4,"column":50},"end":{"line":34,"column":1}},"line":4},"1":{"name":"(anonymous_1)","decl":{"start":{"line":39,"column":14},"end":{"line":39,"column":15}},"loc":{"start":{"line":39,"column":20},"end":{"line":39,"column":35}},"line":39},"2":{"name":"(anonymous_2)","decl":{"start":{"line":40,"column":15},"end":{"line":40,"column":16}},"loc":{"start":{"line":40,"column":21},"end":{"line":40,"column":36}},"line":40}},"branchMap":{"0":{"loc":{"start":{"line":4,"column":34},"end":{"line":4,"column":48}},"type":"default-arg","locations":[{"start":{"line":4,"column":43},"end":{"line":4,"column":48}}],"line":4},"1":{"loc":{"start":{"line":26,"column":74},"end":{"line":26,"column":104}},"type":"cond-expr","locations":[{"start":{"line":26,"column":83},"end":{"line":26,"column":89}},{"start":{"line":26,"column":92},"end":{"line":26,"column":104}}],"line":26},"2":{"loc":{"start":{"line":37,"column":0},"end":{"line":41,"column":1}},"type":"if","locations":[{"start":{"line":37,"column":0},"end":{"line":41,"column":1}},{"start":{},"end":{}}],"line":37}},"s":{"0":0,"1":0,"2":0,"3":0,"4":0,"5":0,"6":0,"7":0,"8":0,"9":0,"10":0,"11":0,"12":0,"13":0,"14":0,"15":0,"16":0,"17":0,"18":0,"19":0},"f":{"0":0,"1":0,"2":0},"b":{"0":[0],"1":[0,0],"2":[0,0]}}
,"/Users/eBookPro/Desktop/code/open-mic-guru/backend/src/db/queries.js": {"path":"/Users/eBookPro/Desktop/code/open-mic-guru/backend/src/db/queries.js","statementMap":{},"fnMap":{},"branchMap":{},"s":{},"f":{},"b":{}}
,"/Users/eBookPro/Desktop/code/open-mic-guru/backend/src/db/schema.js": {"path":"/Users/eBookPro/Desktop/code/open-mic-guru/backend/src/db/schema.js","statementMap":{"0":{"start":{"line":1,"column":15},"end":{"line":87,"column":1}},"1":{"start":{"line":89,"column":0},"end":{"line":89,"column":24}}},"fnMap":{},"branchMap":{},"s":{"0":2,"1":2},"f":{},"b":{},"_coverageSchema":"1a1c01bbd47fc00a2c39e90264f33305004495a9","hash":"69e270b8ed0cadfcfd2d93b9ea3dbcad30b4cb53"}
,"/Users/eBookPro/Desktop/code/open-mic-guru/backend/src/middleware/verifyToken.js": {"path":"/Users/eBookPro/Desktop/code/open-mic-guru/backend/src/middleware/verifyToken.js","statementMap":{"0":{"start":{"line":1,"column":12},"end":{"line":1,"column":35}},"1":{"start":{"line":3,"column":20},"end":{"line":21,"column":1}},"2":{"start":{"line":4,"column":23},"end":{"line":4,"column":51}},"3":{"start":{"line":5,"column":18},"end":{"line":5,"column":56}},"4":{"start":{"line":7,"column":4},"end":{"line":9,"column":5}},"5":{"start":{"line":8,"column":8},"end":{"line":8,"column":75}},"6":{"start":{"line":11,"column":4},"end":{"line":20,"column":7}},"7":{"start":{"line":12,"column":8},"end":{"line":15,"column":9}},"8":{"start":{"line":13,"column":12},"end":{"line":13,"column":69}},"9":{"start":{"line":14,"column":12},"end":{"line":14,"column":68}},"10":{"start":{"line":18,"column":8},"end":{"line":18,"column":27}},"11":{"start":{"line":19,"column":8},"end":{"line":19,"column":15}},"12":{"start":{"line":23,"column":0},"end":{"line":23,"column":29}}},"fnMap":{"0":{"name":"(anonymous_0)","decl":{"start":{"line":3,"column":20},"end":{"line":3,"column":21}},"loc":{"start":{"line":3,"column":40},"end":{"line":21,"column":1}},"line":3},"1":{"name":"(anonymous_1)","decl":{"start":{"line":11,"column":46},"end":{"line":11,"column":47}},"loc":{"start":{"line":11,"column":64},"end":{"line":20,"column":5}},"line":11}},"branchMap":{"0":{"loc":{"start":{"line":5,"column":18},"end":{"line":5,"column":56}},"type":"binary-expr","locations":[{"start":{"line":5,"column":18},"end":{"line":5,"column":28}},{"start":{"line":5,"column":32},"end":{"line":5,"column":56}}],"line":5},"1":{"loc":{"start":{"line":7,"column":4},"end":{"line":9,"column":5}},"type":"if","locations":[{"start":{"line":7,"column":4},"end":{"line":9,"column":5}},{"start":{},"end":{}}],"line":7},"2":{"loc":{"start":{"line":12,"column":8},"end":{"line":15,"column":9}},"type":"if","locations":[{"start":{"line":12,"column":8},"end":{"line":15,"column":9}},{"start":{},"end":{}}],"line":12}},"s":{"0":1,"1":1,"2":2,"3":2,"4":2,"5":0,"6":2,"7":2,"8":0,"9":0,"10":2,"11":2,"12":1},"f":{"0":2,"1":2},"b":{"0":[2,2],"1":[0,2],"2":[0,2]},"_coverageSchema":"1a1c01bbd47fc00a2c39e90264f33305004495a9","hash":"e4db142fa321167bfba62b50a24bb58aa07f1a6e"}
,"/Users/eBookPro/Desktop/code/open-mic-guru/backend/src/routes/auth.js": {"path":"/Users/eBookPro/Desktop/code/open-mic-guru/backend/src/routes/auth.js","statementMap":{"0":{"start":{"line":1,"column":16},"end":{"line":1,"column":34}},"1":{"start":{"line":2,"column":17},"end":{"line":2,"column":36}},"2":{"start":{"line":3,"column":23},"end":{"line":3,"column":66}},"3":{"start":{"line":4,"column":15},"end":{"line":4,"column":31}},"4":{"start":{"line":7,"column":0},"end":{"line":16,"column":3}},"5":{"start":{"line":14,"column":8},"end":{"line":14,"column":33}},"6":{"start":{"line":19,"column":0},"end":{"line":19,"column":88}},"7":{"start":{"line":22,"column":0},"end":{"line":24,"column":3}},"8":{"start":{"line":23,"column":4},"end":{"line":23,"column":22}},"9":{"start":{"line":26,"column":0},"end":{"line":26,"column":24}}},"fnMap":{"0":{"name":"(anonymous_0)","decl":{"start":{"line":12,"column":4},"end":{"line":12,"column":5}},"loc":{"start":{"line":12,"column":54},"end":{"line":15,"column":5}},"line":12},"1":{"name":"(anonymous_1)","decl":{"start":{"line":22,"column":95},"end":{"line":22,"column":96}},"loc":{"start":{"line":22,"column":109},"end":{"line":24,"column":1}},"line":22}},"branchMap":{},"s":{"0":1,"1":1,"2":1,"3":1,"4":1,"5":0,"6":1,"7":1,"8":0,"9":1},"f":{"0":0,"1":0},"b":{},"_coverageSchema":"1a1c01bbd47fc00a2c39e90264f33305004495a9","hash":"1ff27e4c69d18780910e9101c9c4ddc055172142"}
,"/Users/eBookPro/Desktop/code/open-mic-guru/backend/src/routes/events.js": {"path":"/Users/eBookPro/Desktop/code/open-mic-guru/backend/src/routes/events.js","statementMap":{"0":{"start":{"line":1,"column":16},"end":{"line":1,"column":34}},"1":{"start":{"line":2,"column":15},"end":{"line":2,"column":31}},"2":{"start":{"line":3,"column":11},"end":{"line":3,"column":27}},"3":{"start":{"line":4,"column":20},"end":{"line":4,"column":56}},"4":{"start":{"line":5,"column":12},"end":{"line":5,"column":30}},"5":{"start":{"line":6,"column":58},"end":{"line":6,"column":94}},"6":{"start":{"line":7,"column":31},"end":{"line":7,"column":64}},"7":{"start":{"line":8,"column":51},"end":{"line":8,"column":82}},"8":{"start":{"line":11,"column":0},"end":{"line":15,"column":3}},"9":{"start":{"line":17,"column":11},"end":{"line":17,"column":23}},"10":{"start":{"line":20,"column":20},"end":{"line":20,"column":22}},"11":{"start":{"line":22,"column":4},"end":{"line":24,"column":5}},"12":{"start":{"line":23,"column":8},"end":{"line":23,"column":64}},"13":{"start":{"line":26,"column":4},"end":{"line":31,"column":5}},"14":{"start":{"line":28,"column":24},"end":{"line":28,"column":121}},"15":{"start":{"line":29,"column":24},"end":{"line":29,"column":121}},"16":{"start":{"line":30,"column":8},"end":{"line":30,"column":73}},"17":{"start":{"line":33,"column":4},"end":{"line":38,"column":5}},"18":{"start":{"line":35,"column":24},"end":{"line":35,"column":119}},"19":{"start":{"line":36,"column":24},"end":{"line":36,"column":119}},"20":{"start":{"line":37,"column":8},"end":{"line":37,"column":71}},"21":{"start":{"line":40,"column":4},"end":{"line":42,"column":5}},"22":{"start":{"line":41,"column":8},"end":{"line":41,"column":47}},"23":{"start":{"line":44,"column":4},"end":{"line":55,"column":5}},"24":{"start":{"line":45,"column":28},"end":{"line":47,"column":58}},"25":{"start":{"line":48,"column":28},"end":{"line":50,"column":58}},"26":{"start":{"line":52,"column":8},"end":{"line":54,"column":9}},"27":{"start":{"line":53,"column":12},"end":{"line":53,"column":96}},"28":{"start":{"line":57,"column":4},"end":{"line":72,"column":5}},"29":{"start":{"line":60,"column":25},"end":{"line":61,"column":79}},"30":{"start":{"line":61,"column":22},"end":{"line":61,"column":78}},"31":{"start":{"line":62,"column":25},"end":{"line":63,"column":79}},"32":{"start":{"line":63,"column":22},"end":{"line":63,"column":78}},"33":{"start":{"line":65,"column":8},"end":{"line":71,"column":9}},"34":{"start":{"line":66,"column":12},"end":{"line":66,"column":70}},"35":{"start":{"line":67,"column":15},"end":{"line":71,"column":9}},"36":{"start":{"line":68,"column":12},"end":{"line":68,"column":48}},"37":{"start":{"line":70,"column":12},"end":{"line":70,"column":74}},"38":{"start":{"line":74,"column":4},"end":{"line":76,"column":5}},"39":{"start":{"line":75,"column":8},"end":{"line":75,"column":102}},"40":{"start":{"line":78,"column":4},"end":{"line":78,"column":30}},"41":{"start":{"line":82,"column":0},"end":{"line":141,"column":3}},"42":{"start":{"line":83,"column":4},"end":{"line":140,"column":5}},"43":{"start":{"line":84,"column":23},"end":{"line":112,"column":10}},"44":{"start":{"line":115,"column":26},"end":{"line":115,"column":35}},"45":{"start":{"line":116,"column":8},"end":{"line":132,"column":11}},"46":{"start":{"line":117,"column":28},"end":{"line":117,"column":40}},"47":{"start":{"line":118,"column":12},"end":{"line":124,"column":13}},"48":{"start":{"line":119,"column":16},"end":{"line":123,"column":19}},"49":{"start":{"line":125,"column":12},"end":{"line":131,"column":13}},"50":{"start":{"line":126,"column":30},"end":{"line":126,"column":52}},"51":{"start":{"line":127,"column":16},"end":{"line":130,"column":17}},"52":{"start":{"line":128,"column":20},"end":{"line":128,"column":60}},"53":{"start":{"line":129,"column":20},"end":{"line":129,"column":91}},"54":{"start":{"line":134,"column":8},"end":{"line":136,"column":12}},"55":{"start":{"line":138,"column":8},"end":{"line":138,"column":27}},"56":{"start":{"line":139,"column":8},"end":{"line":139,"column":66}},"57":{"start":{"line":144,"column":0},"end":{"line":246,"column":3}},"58":{"start":{"line":145,"column":4},"end":{"line":245,"column":5}},"59":{"start":{"line":146,"column":28},"end":{"line":146,"column":38}},"60":{"start":{"line":147,"column":26},"end":{"line":147,"column":48}},"61":{"start":{"line":148,"column":26},"end":{"line":148,"column":32}},"62":{"start":{"line":150,"column":27},"end":{"line":174,"column":21}},"63":{"start":{"line":176,"column":8},"end":{"line":178,"column":9}},"64":{"start":{"line":177,"column":12},"end":{"line":177,"column":70}},"65":{"start":{"line":180,"column":26},"end":{"line":180,"column":44}},"66":{"start":{"line":181,"column":28},"end":{"line":201,"column":43}},"67":{"start":{"line":203,"column":23},"end":{"line":203,"column":39}},"68":{"start":{"line":204,"column":29},"end":{"line":230,"column":9}},"69":{"start":{"line":232,"column":8},"end":{"line":241,"column":12}},"70":{"start":{"line":243,"column":8},"end":{"line":243,"column":27}},"71":{"start":{"line":244,"column":8},"end":{"line":244,"column":71}},"72":{"start":{"line":249,"column":0},"end":{"line":281,"column":3}},"73":{"start":{"line":250,"column":4},"end":{"line":280,"column":5}},"74":{"start":{"line":251,"column":23},"end":{"line":251,"column":38}},"75":{"start":{"line":262,"column":12},"end":{"line":262,"column":20}},"76":{"start":{"line":265,"column":24},"end":{"line":265,"column":30}},"77":{"start":{"line":267,"column":8},"end":{"line":269,"column":9}},"78":{"start":{"line":268,"column":12},"end":{"line":268,"column":89}},"79":{"start":{"line":271,"column":23},"end":{"line":274,"column":9}},"80":{"start":{"line":276,"column":8},"end":{"line":276,"column":45}},"81":{"start":{"line":278,"column":8},"end":{"line":278,"column":27}},"82":{"start":{"line":279,"column":8},"end":{"line":279,"column":71}},"83":{"start":{"line":284,"column":0},"end":{"line":456,"column":3}},"84":{"start":{"line":285,"column":24},"end":{"line":285,"column":34}},"85":{"start":{"line":286,"column":19},"end":{"line":286,"column":34}},"86":{"start":{"line":288,"column":4},"end":{"line":455,"column":5}},"87":{"start":{"line":290,"column":26},"end":{"line":293,"column":9}},"88":{"start":{"line":295,"column":8},"end":{"line":297,"column":9}},"89":{"start":{"line":296,"column":12},"end":{"line":296,"column":70}},"90":{"start":{"line":299,"column":8},"end":{"line":301,"column":9}},"91":{"start":{"line":300,"column":12},"end":{"line":300,"column":90}},"92":{"start":{"line":314,"column":12},"end":{"line":314,"column":20}},"93":{"start":{"line":316,"column":8},"end":{"line":318,"column":9}},"94":{"start":{"line":317,"column":12},"end":{"line":317,"column":89}},"95":{"start":{"line":321,"column":30},"end":{"line":324,"column":9}},"96":{"start":{"line":326,"column":8},"end":{"line":328,"column":9}},"97":{"start":{"line":327,"column":12},"end":{"line":327,"column":70}},"98":{"start":{"line":331,"column":24},"end":{"line":331,"column":26}},"99":{"start":{"line":332,"column":23},"end":{"line":332,"column":25}},"100":{"start":{"line":333,"column":25},"end":{"line":333,"column":26}},"101":{"start":{"line":335,"column":23},"end":{"line":339,"column":9}},"102":{"start":{"line":341,"column":8},"end":{"line":347,"column":9}},"103":{"start":{"line":342,"column":12},"end":{"line":346,"column":13}},"104":{"start":{"line":343,"column":16},"end":{"line":343,"column":56}},"105":{"start":{"line":344,"column":16},"end":{"line":344,"column":35}},"106":{"start":{"line":345,"column":16},"end":{"line":345,"column":29}},"107":{"start":{"line":349,"column":8},"end":{"line":349,"column":29}},"108":{"start":{"line":351,"column":8},"end":{"line":353,"column":9}},"109":{"start":{"line":352,"column":12},"end":{"line":352,"column":74}},"110":{"start":{"line":355,"column":28},"end":{"line":360,"column":9}},"111":{"start":{"line":363,"column":28},"end":{"line":373,"column":9}},"112":{"start":{"line":376,"column":30},"end":{"line":376,"column":32}},"113":{"start":{"line":377,"column":8},"end":{"line":386,"column":9}},"114":{"start":{"line":378,"column":12},"end":{"line":385,"column":13}},"115":{"start":{"line":379,"column":16},"end":{"line":384,"column":18}},"116":{"start":{"line":389,"column":23},"end":{"line":389,"column":58}},"117":{"start":{"line":390,"column":29},"end":{"line":390,"column":43}},"118":{"start":{"line":393,"column":30},"end":{"line":402,"column":10}},"119":{"start":{"line":404,"column":8},"end":{"line":438,"column":9}},"120":{"start":{"line":405,"column":12},"end":{"line":437,"column":13}},"121":{"start":{"line":406,"column":16},"end":{"line":436,"column":17}},"122":{"start":{"line":407,"column":34},"end":{"line":407,"column":47}},"123":{"start":{"line":409,"column":20},"end":{"line":424,"column":21}},"124":{"start":{"line":410,"column":40},"end":{"line":415,"column":25}},"125":{"start":{"line":418,"column":24},"end":{"line":423,"column":25}},"126":{"start":{"line":419,"column":28},"end":{"line":422,"column":33}},"127":{"start":{"line":426,"column":20},"end":{"line":433,"column":22}},"128":{"start":{"line":435,"column":20},"end":{"line":435,"column":104}},"129":{"start":{"line":441,"column":27},"end":{"line":448,"column":9}},"130":{"start":{"line":450,"column":8},"end":{"line":450,"column":57}},"131":{"start":{"line":451,"column":8},"end":{"line":451,"column":33}},"132":{"start":{"line":453,"column":8},"end":{"line":453,"column":27}},"133":{"start":{"line":454,"column":8},"end":{"line":454,"column":71}},"134":{"start":{"line":459,"column":0},"end":{"line":492,"column":3}},"135":{"start":{"line":460,"column":24},"end":{"line":460,"column":34}},"136":{"start":{"line":461,"column":19},"end":{"line":461,"column":35}},"137":{"start":{"line":463,"column":4},"end":{"line":491,"column":5}},"138":{"start":{"line":465,"column":26},"end":{"line":468,"column":9}},"139":{"start":{"line":470,"column":8},"end":{"line":473,"column":9}},"140":{"start":{"line":471,"column":12},"end":{"line":471,"column":73}},"141":{"start":{"line":472,"column":12},"end":{"line":472,"column":70}},"142":{"start":{"line":475,"column":23},"end":{"line":475,"column":48}},"143":{"start":{"line":477,"column":8},"end":{"line":480,"column":9}},"144":{"start":{"line":478,"column":12},"end":{"line":478,"column":82}},"145":{"start":{"line":479,"column":12},"end":{"line":479,"column":90}},"146":{"start":{"line":483,"column":8},"end":{"line":483,"column":82}},"147":{"start":{"line":484,"column":8},"end":{"line":484,"column":70}},"148":{"start":{"line":486,"column":8},"end":{"line":486,"column":61}},"149":{"start":{"line":487,"column":8},"end":{"line":487,"column":31}},"150":{"start":{"line":489,"column":8},"end":{"line":489,"column":58}},"151":{"start":{"line":490,"column":8},"end":{"line":490,"column":71}},"152":{"start":{"line":495,"column":0},"end":{"line":590,"column":3}},"153":{"start":{"line":496,"column":24},"end":{"line":496,"column":34}},"154":{"start":{"line":497,"column":19},"end":{"line":497,"column":34}},"155":{"start":{"line":498,"column":33},"end":{"line":498,"column":41}},"156":{"start":{"line":500,"column":4},"end":{"line":589,"column":5}},"157":{"start":{"line":502,"column":27},"end":{"line":505,"column":9}},"158":{"start":{"line":507,"column":8},"end":{"line":509,"column":9}},"159":{"start":{"line":508,"column":12},"end":{"line":508,"column":70}},"160":{"start":{"line":511,"column":8},"end":{"line":513,"column":9}},"161":{"start":{"line":512,"column":12},"end":{"line":512,"column":90}},"162":{"start":{"line":515,"column":22},"end":{"line":515,"column":40}},"163":{"start":{"line":517,"column":12},"end":{"line":518,"column":40}},"164":{"start":{"line":521,"column":31},"end":{"line":521,"column":55}},"165":{"start":{"line":522,"column":34},"end":{"line":522,"column":72}},"166":{"start":{"line":523,"column":8},"end":{"line":523,"column":83}},"167":{"start":{"line":526,"column":23},"end":{"line":529,"column":9}},"168":{"start":{"line":532,"column":28},"end":{"line":543,"column":9}},"169":{"start":{"line":546,"column":8},"end":{"line":573,"column":9}},"170":{"start":{"line":547,"column":12},"end":{"line":572,"column":13}},"171":{"start":{"line":548,"column":33},"end":{"line":553,"column":17}},"172":{"start":{"line":555,"column":32},"end":{"line":560,"column":18}},"173":{"start":{"line":562,"column":16},"end":{"line":569,"column":18}},"174":{"start":{"line":571,"column":16},"end":{"line":571,"column":100}},"175":{"start":{"line":576,"column":27},"end":{"line":582,"column":9}},"176":{"start":{"line":584,"column":8},"end":{"line":584,"column":57}},"177":{"start":{"line":585,"column":8},"end":{"line":585,"column":33}},"178":{"start":{"line":587,"column":8},"end":{"line":587,"column":27}},"179":{"start":{"line":588,"column":8},"end":{"line":588,"column":71}},"180":{"start":{"line":592,"column":0},"end":{"line":609,"column":3}},"181":{"start":{"line":593,"column":35},"end":{"line":593,"column":43}},"182":{"start":{"line":594,"column":27},"end":{"line":594,"column":54}},"183":{"start":{"line":595,"column":21},"end":{"line":600,"column":5}},"184":{"start":{"line":602,"column":4},"end":{"line":608,"column":5}},"185":{"start":{"line":603,"column":26},"end":{"line":603,"column":77}},"186":{"start":{"line":604,"column":8},"end":{"line":604,"column":32}},"187":{"start":{"line":606,"column":8},"end":{"line":606,"column":27}},"188":{"start":{"line":607,"column":8},"end":{"line":607,"column":86}},"189":{"start":{"line":611,"column":0},"end":{"line":611,"column":24}}},"fnMap":{"0":{"name":"getUpdateMessage","decl":{"start":{"line":19,"column":9},"end":{"line":19,"column":25}},"loc":{"start":{"line":19,"column":56},"end":{"line":79,"column":1}},"line":19},"1":{"name":"(anonymous_1)","decl":{"start":{"line":61,"column":17},"end":{"line":61,"column":18}},"loc":{"start":{"line":61,"column":22},"end":{"line":61,"column":78}},"line":61},"2":{"name":"(anonymous_2)","decl":{"start":{"line":63,"column":17},"end":{"line":63,"column":18}},"loc":{"start":{"line":63,"column":22},"end":{"line":63,"column":78}},"line":63},"3":{"name":"(anonymous_3)","decl":{"start":{"line":82,"column":16},"end":{"line":82,"column":17}},"loc":{"start":{"line":82,"column":36},"end":{"line":141,"column":1}},"line":82},"4":{"name":"(anonymous_4)","decl":{"start":{"line":116,"column":28},"end":{"line":116,"column":29}},"loc":{"start":{"line":116,"column":35},"end":{"line":132,"column":9}},"line":116},"5":{"name":"(anonymous_5)","decl":{"start":{"line":144,"column":24},"end":{"line":144,"column":25}},"loc":{"start":{"line":144,"column":44},"end":{"line":246,"column":1}},"line":144},"6":{"name":"(anonymous_6)","decl":{"start":{"line":249,"column":30},"end":{"line":249,"column":31}},"loc":{"start":{"line":249,"column":50},"end":{"line":281,"column":1}},"line":249},"7":{"name":"(anonymous_7)","decl":{"start":{"line":284,"column":39},"end":{"line":284,"column":40}},"loc":{"start":{"line":284,"column":59},"end":{"line":456,"column":1}},"line":284},"8":{"name":"(anonymous_8)","decl":{"start":{"line":459,"column":40},"end":{"line":459,"column":41}},"loc":{"start":{"line":459,"column":60},"end":{"line":492,"column":1}},"line":459},"9":{"name":"(anonymous_9)","decl":{"start":{"line":495,"column":44},"end":{"line":495,"column":45}},"loc":{"start":{"line":495,"column":64},"end":{"line":590,"column":1}},"line":495},"10":{"name":"(anonymous_10)","decl":{"start":{"line":592,"column":23},"end":{"line":592,"column":24}},"loc":{"start":{"line":592,"column":43},"end":{"line":609,"column":1}},"line":592}},"branchMap":{"0":{"loc":{"start":{"line":22,"column":4},"end":{"line":24,"column":5}},"type":"if","locations":[{"start":{"line":22,"column":4},"end":{"line":24,"column":5}},{"start":{},"end":{}}],"line":22},"1":{"loc":{"start":{"line":22,"column":8},"end":{"line":22,"column":85}},"type":"binary-expr","locations":[{"start":{"line":22,"column":8},"end":{"line":22,"column":40}},{"start":{"line":22,"column":44},"end":{"line":22,"column":85}}],"line":22},"2":{"loc":{"start":{"line":26,"column":4},"end":{"line":31,"column":5}},"type":"if","locations":[{"start":{"line":26,"column":4},"end":{"line":31,"column":5}},{"start":{},"end":{}}],"line":26},"3":{"loc":{"start":{"line":26,"column":8},"end":{"line":27,"column":101}},"type":"binary-expr","locations":[{"start":{"line":26,"column":8},"end":{"line":26,"column":46}},{"start":{"line":27,"column":8},"end":{"line":27,"column":101}}],"line":26},"4":{"loc":{"start":{"line":33,"column":4},"end":{"line":38,"column":5}},"type":"if","locations":[{"start":{"line":33,"column":4},"end":{"line":38,"column":5}},{"start":{},"end":{}}],"line":33},"5":{"loc":{"start":{"line":33,"column":8},"end":{"line":34,"column":97}},"type":"binary-expr","locations":[{"start":{"line":33,"column":8},"end":{"line":33,"column":44}},{"start":{"line":34,"column":8},"end":{"line":34,"column":97}}],"line":33},"6":{"loc":{"start":{"line":40,"column":4},"end":{"line":42,"column":5}},"type":"if","locations":[{"start":{"line":40,"column":4},"end":{"line":42,"column":5}},{"start":{},"end":{}}],"line":40},"7":{"loc":{"start":{"line":40,"column":8},"end":{"line":40,"column":97}},"type":"binary-expr","locations":[{"start":{"line":40,"column":8},"end":{"line":40,"column":44}},{"start":{"line":40,"column":48},"end":{"line":40,"column":97}}],"line":40},"8":{"loc":{"start":{"line":44,"column":4},"end":{"line":55,"column":5}},"type":"if","locations":[{"start":{"line":44,"column":4},"end":{"line":55,"column":5}},{"start":{},"end":{}}],"line":44},"9":{"loc":{"start":{"line":44,"column":8},"end":{"line":44,"column":80}},"type":"binary-expr","locations":[{"start":{"line":44,"column":8},"end":{"line":44,"column":49}},{"start":{"line":44,"column":53},"end":{"line":44,"column":80}}],"line":44},"10":{"loc":{"start":{"line":45,"column":28},"end":{"line":47,"column":58}},"type":"cond-expr","locations":[{"start":{"line":46,"column":14},"end":{"line":46,"column":49}},{"start":{"line":47,"column":14},"end":{"line":47,"column":58}}],"line":45},"11":{"loc":{"start":{"line":48,"column":28},"end":{"line":50,"column":58}},"type":"cond-expr","locations":[{"start":{"line":49,"column":14},"end":{"line":49,"column":49}},{"start":{"line":50,"column":14},"end":{"line":50,"column":58}}],"line":48},"12":{"loc":{"start":{"line":52,"column":8},"end":{"line":54,"column":9}},"type":"if","locations":[{"start":{"line":52,"column":8},"end":{"line":54,"column":9}},{"start":{},"end":{}}],"line":52},"13":{"loc":{"start":{"line":57,"column":4},"end":{"line":72,"column":5}},"type":"if","locations":[{"start":{"line":57,"column":4},"end":{"line":72,"column":5}},{"start":{},"end":{}}],"line":57},"14":{"loc":{"start":{"line":57,"column":8},"end":{"line":59,"column":99}},"type":"binary-expr","locations":[{"start":{"line":57,"column":8},"end":{"line":57,"column":27}},{"start":{"line":58,"column":9},"end":{"line":58,"column":29}},{"start":{"line":59,"column":9},"end":{"line":59,"column":98}}],"line":57},"15":{"loc":{"start":{"line":60,"column":26},"end":{"line":60,"column":51}},"type":"binary-expr","locations":[{"start":{"line":60,"column":26},"end":{"line":60,"column":45}},{"start":{"line":60,"column":49},"end":{"line":60,"column":51}}],"line":60},"16":{"loc":{"start":{"line":65,"column":8},"end":{"line":71,"column":9}},"type":"if","locations":[{"start":{"line":65,"column":8},"end":{"line":71,"column":9}},{"start":{"line":67,"column":15},"end":{"line":71,"column":9}}],"line":65},"17":{"loc":{"start":{"line":67,"column":15},"end":{"line":71,"column":9}},"type":"if","locations":[{"start":{"line":67,"column":15},"end":{"line":71,"column":9}},{"start":{"line":69,"column":15},"end":{"line":71,"column":9}}],"line":67},"18":{"loc":{"start":{"line":74,"column":4},"end":{"line":76,"column":5}},"type":"if","locations":[{"start":{"line":74,"column":4},"end":{"line":76,"column":5}},{"start":{},"end":{}}],"line":74},"19":{"loc":{"start":{"line":74,"column":8},"end":{"line":74,"column":91}},"type":"binary-expr","locations":[{"start":{"line":74,"column":8},"end":{"line":74,"column":42}},{"start":{"line":74,"column":46},"end":{"line":74,"column":91}}],"line":74},"20":{"loc":{"start":{"line":75,"column":21},"end":{"line":75,"column":100}},"type":"cond-expr","locations":[{"start":{"line":75,"column":44},"end":{"line":75,"column":71}},{"start":{"line":75,"column":74},"end":{"line":75,"column":100}}],"line":75},"21":{"loc":{"start":{"line":118,"column":12},"end":{"line":124,"column":13}},"type":"if","locations":[{"start":{"line":118,"column":12},"end":{"line":124,"column":13}},{"start":{},"end":{}}],"line":118},"22":{"loc":{"start":{"line":125,"column":12},"end":{"line":131,"column":13}},"type":"if","locations":[{"start":{"line":125,"column":12},"end":{"line":131,"column":13}},{"start":{},"end":{}}],"line":125},"23":{"loc":{"start":{"line":127,"column":16},"end":{"line":130,"column":17}},"type":"if","locations":[{"start":{"line":127,"column":16},"end":{"line":130,"column":17}},{"start":{},"end":{}}],"line":127},"24":{"loc":{"start":{"line":176,"column":8},"end":{"line":178,"column":9}},"type":"if","locations":[{"start":{"line":176,"column":8},"end":{"line":178,"column":9}},{"start":{},"end":{}}],"line":176},"25":{"loc":{"start":{"line":257,"column":12},"end":{"line":257,"column":30}},"type":"default-arg","locations":[{"start":{"line":257,"column":29},"end":{"line":257,"column":30}}],"line":257},"26":{"loc":{"start":{"line":267,"column":8},"end":{"line":269,"column":9}},"type":"if","locations":[{"start":{"line":267,"column":8},"end":{"line":269,"column":9}},{"start":{},"end":{}}],"line":267},"27":{"loc":{"start":{"line":295,"column":8},"end":{"line":297,"column":9}},"type":"if","locations":[{"start":{"line":295,"column":8},"end":{"line":297,"column":9}},{"start":{},"end":{}}],"line":295},"28":{"loc":{"start":{"line":299,"column":8},"end":{"line":301,"column":9}},"type":"if","locations":[{"start":{"line":299,"column":8},"end":{"line":301,"column":9}},{"start":{},"end":{}}],"line":299},"29":{"loc":{"start":{"line":316,"column":8},"end":{"line":318,"column":9}},"type":"if","locations":[{"start":{"line":316,"column":8},"end":{"line":318,"column":9}},{"start":{},"end":{}}],"line":316},"30":{"loc":{"start":{"line":316,"column":12},"end":{"line":316,"column":80}},"type":"binary-expr","locations":[{"start":{"line":316,"column":12},"end":{"line":316,"column":22}},{"start":{"line":316,"column":26},"end":{"line":316,"column":34}},{"start":{"line":316,"column":38},"end":{"line":316,"column":80}}],"line":316},"31":{"loc":{"start":{"line":326,"column":8},"end":{"line":328,"column":9}},"type":"if","locations":[{"start":{"line":326,"column":8},"end":{"line":328,"column":9}},{"start":{},"end":{}}],"line":326},"32":{"loc":{"start":{"line":342,"column":12},"end":{"line":346,"column":13}},"type":"if","locations":[{"start":{"line":342,"column":12},"end":{"line":346,"column":13}},{"start":{},"end":{}}],"line":342},"33":{"loc":{"start":{"line":351,"column":8},"end":{"line":353,"column":9}},"type":"if","locations":[{"start":{"line":351,"column":8},"end":{"line":353,"column":9}},{"start":{},"end":{}}],"line":351},"34":{"loc":{"start":{"line":378,"column":12},"end":{"line":385,"column":13}},"type":"if","locations":[{"start":{"line":378,"column":12},"end":{"line":385,"column":13}},{"start":{},"end":{}}],"line":378},"35":{"loc":{"start":{"line":394,"column":16},"end":{"line":394,"column":46}},"type":"binary-expr","locations":[{"start":{"line":394,"column":16},"end":{"line":394,"column":34}},{"start":{"line":394,"column":38},"end":{"line":394,"column":46}}],"line":394},"36":{"loc":{"start":{"line":395,"column":16},"end":{"line":395,"column":58}},"type":"binary-expr","locations":[{"start":{"line":395,"column":16},"end":{"line":395,"column":40}},{"start":{"line":395,"column":44},"end":{"line":395,"column":58}}],"line":395},"37":{"loc":{"start":{"line":396,"column":16},"end":{"line":396,"column":54}},"type":"binary-expr","locations":[{"start":{"line":396,"column":16},"end":{"line":396,"column":38}},{"start":{"line":396,"column":42},"end":{"line":396,"column":54}}],"line":396},"38":{"loc":{"start":{"line":397,"column":16},"end":{"line":397,"column":54}},"type":"binary-expr","locations":[{"start":{"line":397,"column":16},"end":{"line":397,"column":38}},{"start":{"line":397,"column":42},"end":{"line":397,"column":54}}],"line":397},"39":{"loc":{"start":{"line":398,"column":16},"end":{"line":398,"column":64}},"type":"binary-expr","locations":[{"start":{"line":398,"column":16},"end":{"line":398,"column":43}},{"start":{"line":398,"column":47},"end":{"line":398,"column":64}}],"line":398},"40":{"loc":{"start":{"line":399,"column":16},"end":{"line":399,"column":66}},"type":"binary-expr","locations":[{"start":{"line":399,"column":16},"end":{"line":399,"column":44}},{"start":{"line":399,"column":48},"end":{"line":399,"column":66}}],"line":399},"41":{"loc":{"start":{"line":400,"column":16},"end":{"line":400,"column":48}},"type":"binary-expr","locations":[{"start":{"line":400,"column":16},"end":{"line":400,"column":35}},{"start":{"line":400,"column":39},"end":{"line":400,"column":48}}],"line":400},"42":{"loc":{"start":{"line":401,"column":16},"end":{"line":401,"column":50}},"type":"binary-expr","locations":[{"start":{"line":401,"column":16},"end":{"line":401,"column":36}},{"start":{"line":401,"column":40},"end":{"line":401,"column":50}}],"line":401},"43":{"loc":{"start":{"line":404,"column":8},"end":{"line":438,"column":9}},"type":"if","locations":[{"start":{"line":404,"column":8},"end":{"line":438,"column":9}},{"start":{},"end":{}}],"line":404},"44":{"loc":{"start":{"line":409,"column":20},"end":{"line":424,"column":21}},"type":"if","locations":[{"start":{"line":409,"column":20},"end":{"line":424,"column":21}},{"start":{},"end":{}}],"line":409},"45":{"loc":{"start":{"line":418,"column":24},"end":{"line":423,"column":25}},"type":"if","locations":[{"start":{"line":418,"column":24},"end":{"line":423,"column":25}},{"start":{},"end":{}}],"line":418},"46":{"loc":{"start":{"line":470,"column":8},"end":{"line":473,"column":9}},"type":"if","locations":[{"start":{"line":470,"column":8},"end":{"line":473,"column":9}},{"start":{},"end":{}}],"line":470},"47":{"loc":{"start":{"line":477,"column":8},"end":{"line":480,"column":9}},"type":"if","locations":[{"start":{"line":477,"column":8},"end":{"line":480,"column":9}},{"start":{},"end":{}}],"line":477},"48":{"loc":{"start":{"line":507,"column":8},"end":{"line":509,"column":9}},"type":"if","locations":[{"start":{"line":507,"column":8},"end":{"line":509,"column":9}},{"start":{},"end":{}}],"line":507},"49":{"loc":{"start":{"line":511,"column":8},"end":{"line":513,"column":9}},"type":"if","locations":[{"start":{"line":511,"column":8},"end":{"line":513,"column":9}},{"start":{},"end":{}}],"line":511}},"s":{"0":0,"1":0,"2":0,"3":0,"4":0,"5":0,"6":0,"7":0,"8":0,"9":0,"10":0,"11":0,"12":0,"13":0,"14":0,"15":0,"16":0,"17":0,"18":0,"19":0,"20":0,"21":0,"22":0,"23":0,"24":0,"25":0,"26":0,"27":0,"28":0,"29":0,"30":0,"31":0,"32":0,"33":0,"34":0,"35":0,"36":0,"37":0,"38":0,"39":0,"40":0,"41":0,"42":0,"43":0,"44":0,"45":0,"46":0,"47":0,"48":0,"49":0,"50":0,"51":0,"52":0,"53":0,"54":0,"55":0,"56":0,"57":0,"58":0,"59":0,"60":0,"61":0,"62":0,"63":0,"64":0,"65":0,"66":0,"67":0,"68":0,"69":0,"70":0,"71":0,"72":0,"73":0,"74":0,"75":0,"76":0,"77":0,"78":0,"79":0,"80":0,"81":0,"82":0,"83":0,"84":0,"85":0,"86":0,"87":0,"88":0,"89":0,"90":0,"91":0,"92":0,"93":0,"94":0,"95":0,"96":0,"97":0,"98":0,"99":0,"100":0,"101":0,"102":0,"103":0,"104":0,"105":0,"106":0,"107":0,"108":0,"109":0,"110":0,"111":0,"112":0,"113":0,"114":0,"115":0,"116":0,"117":0,"118":0,"119":0,"120":0,"121":0,"122":0,"123":0,"124":0,"125":0,"126":0,"127":0,"128":0,"129":0,"130":0,"131":0,"132":0,"133":0,"134":0,"135":0,"136":0,"137":0,"138":0,"139":0,"140":0,"141":0,"142":0,"143":0,"144":0,"145":0,"146":0,"147":0,"148":0,"149":0,"150":0,"151":0,"152":0,"153":0,"154":0,"155":0,"156":0,"157":0,"158":0,"159":0,"160":0,"161":0,"162":0,"163":0,"164":0,"165":0,"166":0,"167":0,"168":0,"169":0,"170":0,"171":0,"172":0,"173":0,"174":0,"175":0,"176":0,"177":0,"178":0,"179":0,"180":0,"181":0,"182":0,"183":0,"184":0,"185":0,"186":0,"187":0,"188":0,"189":0},"f":{"0":0,"1":0,"2":0,"3":0,"4":0,"5":0,"6":0,"7":0,"8":0,"9":0,"10":0},"b":{"0":[0,0],"1":[0,0],"2":[0,0],"3":[0,0],"4":[0,0],"5":[0,0],"6":[0,0],"7":[0,0],"8":[0,0],"9":[0,0],"10":[0,0],"11":[0,0],"12":[0,0],"13":[0,0],"14":[0,0,0],"15":[0,0],"16":[0,0],"17":[0,0],"18":[0,0],"19":[0,0],"20":[0,0],"21":[0,0],"22":[0,0],"23":[0,0],"24":[0,0],"25":[0],"26":[0,0],"27":[0,0],"28":[0,0],"29":[0,0],"30":[0,0,0],"31":[0,0],"32":[0,0],"33":[0,0],"34":[0,0],"35":[0,0],"36":[0,0],"37":[0,0],"38":[0,0],"39":[0,0],"40":[0,0],"41":[0,0],"42":[0,0],"43":[0,0],"44":[0,0],"45":[0,0],"46":[0,0],"47":[0,0],"48":[0,0],"49":[0,0]}}
,"/Users/eBookPro/Desktop/code/open-mic-guru/backend/src/routes/index.js": {"path":"/Users/eBookPro/Desktop/code/open-mic-guru/backend/src/routes/index.js","statementMap":{"0":{"start":{"line":1,"column":19},"end":{"line":1,"column":37}},"1":{"start":{"line":2,"column":20},"end":{"line":2,"column":39}},"2":{"start":{"line":3,"column":20},"end":{"line":3,"column":39}},"3":{"start":{"line":4,"column":19},"end":{"line":4,"column":36}},"4":{"start":{"line":5,"column":26},"end":{"line":5,"column":51}},"5":{"start":{"line":6,"column":21},"end":{"line":6,"column":45}},"6":{"start":{"line":7,"column":27},"end":{"line":7,"column":53}},"7":{"start":{"line":10,"column":0},"end":{"line":22,"column":2}},"8":{"start":{"line":11,"column":4},"end":{"line":11,"column":28}},"9":{"start":{"line":12,"column":4},"end":{"line":12,"column":34}},"10":{"start":{"line":13,"column":4},"end":{"line":13,"column":36}},"11":{"start":{"line":14,"column":4},"end":{"line":14,"column":36}},"12":{"start":{"line":15,"column":4},"end":{"line":15,"column":33}},"13":{"start":{"line":16,"column":4},"end":{"line":16,"column":48}},"14":{"start":{"line":17,"column":4},"end":{"line":17,"column":50}}},"fnMap":{"0":{"name":"(anonymous_0)","decl":{"start":{"line":10,"column":17},"end":{"line":10,"column":18}},"loc":{"start":{"line":10,"column":26},"end":{"line":22,"column":1}},"line":10}},"branchMap":{},"s":{"0":0,"1":0,"2":0,"3":0,"4":0,"5":0,"6":0,"7":0,"8":0,"9":0,"10":0,"11":0,"12":0,"13":0,"14":0},"f":{"0":0},"b":{}}
,"/Users/eBookPro/Desktop/code/open-mic-guru/backend/src/routes/lineup_slots.js": {"path":"/Users/eBookPro/Desktop/code/open-mic-guru/backend/src/routes/lineup_slots.js","statementMap":{"0":{"start":{"line":1,"column":16},"end":{"line":1,"column":34}},"1":{"start":{"line":2,"column":15},"end":{"line":2,"column":31}},"2":{"start":{"line":3,"column":11},"end":{"line":3,"column":27}},"3":{"start":{"line":4,"column":31},"end":{"line":4,"column":64}},"4":{"start":{"line":5,"column":58},"end":{"line":5,"column":94}},"5":{"start":{"line":8,"column":0},"end":{"line":178,"column":3}},"6":{"start":{"line":9,"column":76},"end":{"line":9,"column":84}},"7":{"start":{"line":10,"column":22},"end":{"line":10,"column":52}},"8":{"start":{"line":11,"column":22},"end":{"line":11,"column":28}},"9":{"start":{"line":14,"column":4},"end":{"line":16,"column":5}},"10":{"start":{"line":15,"column":8},"end":{"line":15,"column":80}},"11":{"start":{"line":18,"column":4},"end":{"line":177,"column":5}},"12":{"start":{"line":20,"column":34},"end":{"line":23,"column":9}},"13":{"start":{"line":25,"column":8},"end":{"line":27,"column":9}},"14":{"start":{"line":26,"column":12},"end":{"line":26,"column":90}},"15":{"start":{"line":30,"column":27},"end":{"line":35,"column":9}},"16":{"start":{"line":37,"column":8},"end":{"line":39,"column":9}},"17":{"start":{"line":38,"column":12},"end":{"line":38,"column":84}},"18":{"start":{"line":41,"column":23},"end":{"line":41,"column":49}},"19":{"start":{"line":44,"column":8},"end":{"line":62,"column":9}},"20":{"start":{"line":45,"column":32},"end":{"line":48,"column":13}},"21":{"start":{"line":50,"column":12},"end":{"line":59,"column":13}},"22":{"start":{"line":52,"column":16},"end":{"line":57,"column":18}},"23":{"start":{"line":58,"column":16},"end":{"line":58,"column":90}},"24":{"start":{"line":61,"column":12},"end":{"line":61,"column":84}},"25":{"start":{"line":65,"column":8},"end":{"line":74,"column":9}},"26":{"start":{"line":66,"column":27},"end":{"line":71,"column":50}},"27":{"start":{"line":73,"column":12},"end":{"line":73,"column":56}},"28":{"start":{"line":77,"column":30},"end":{"line":77,"column":45}},"29":{"start":{"line":78,"column":33},"end":{"line":78,"column":87}},"30":{"start":{"line":79,"column":33},"end":{"line":79,"column":87}},"31":{"start":{"line":81,"column":8},"end":{"line":107,"column":9}},"32":{"start":{"line":83,"column":37},"end":{"line":89,"column":13}},"33":{"start":{"line":91,"column":12},"end":{"line":93,"column":13}},"34":{"start":{"line":92,"column":16},"end":{"line":92,"column":99}},"35":{"start":{"line":96,"column":40},"end":{"line":102,"column":13}},"36":{"start":{"line":104,"column":12},"end":{"line":106,"column":13}},"37":{"start":{"line":105,"column":16},"end":{"line":105,"column":103}},"38":{"start":{"line":110,"column":23},"end":{"line":125,"column":97}},"39":{"start":{"line":128,"column":27},"end":{"line":128,"column":131}},"40":{"start":{"line":129,"column":29},"end":{"line":129,"column":47}},"41":{"start":{"line":131,"column":30},"end":{"line":136,"column":9}},"42":{"start":{"line":138,"column":27},"end":{"line":153,"column":9}},"43":{"start":{"line":156,"column":8},"end":{"line":169,"column":9}},"44":{"start":{"line":157,"column":33},"end":{"line":157,"column":57}},"45":{"start":{"line":158,"column":12},"end":{"line":165,"column":14}},"46":{"start":{"line":167,"column":12},"end":{"line":167,"column":65}},"47":{"start":{"line":172,"column":8},"end":{"line":172,"column":57}},"48":{"start":{"line":173,"column":8},"end":{"line":173,"column":45}},"49":{"start":{"line":175,"column":8},"end":{"line":175,"column":59}},"50":{"start":{"line":176,"column":8},"end":{"line":176,"column":56}},"51":{"start":{"line":181,"column":0},"end":{"line":200,"column":3}},"52":{"start":{"line":182,"column":24},"end":{"line":182,"column":34}},"53":{"start":{"line":183,"column":4},"end":{"line":199,"column":5}},"54":{"start":{"line":184,"column":23},"end":{"line":194,"column":21}},"55":{"start":{"line":195,"column":8},"end":{"line":195,"column":30}},"56":{"start":{"line":197,"column":8},"end":{"line":197,"column":27}},"57":{"start":{"line":198,"column":8},"end":{"line":198,"column":78}},"58":{"start":{"line":203,"column":0},"end":{"line":282,"column":3}},"59":{"start":{"line":204,"column":4},"end":{"line":281,"column":5}},"60":{"start":{"line":205,"column":27},"end":{"line":205,"column":37}},"61":{"start":{"line":208,"column":26},"end":{"line":213,"column":20}},"62":{"start":{"line":215,"column":8},"end":{"line":217,"column":9}},"63":{"start":{"line":216,"column":12},"end":{"line":216,"column":69}},"64":{"start":{"line":219,"column":21},"end":{"line":219,"column":38}},"65":{"start":{"line":220,"column":23},"end":{"line":220,"column":35}},"66":{"start":{"line":221,"column":29},"end":{"line":221,"column":58}},"67":{"start":{"line":222,"column":32},"end":{"line":222,"column":55}},"68":{"start":{"line":225,"column":8},"end":{"line":238,"column":9}},"69":{"start":{"line":226,"column":12},"end":{"line":237,"column":13}},"70":{"start":{"line":227,"column":16},"end":{"line":234,"column":18}},"71":{"start":{"line":236,"column":16},"end":{"line":236,"column":78}},"72":{"start":{"line":241,"column":8},"end":{"line":252,"column":9}},"73":{"start":{"line":242,"column":12},"end":{"line":249,"column":14}},"74":{"start":{"line":251,"column":12},"end":{"line":251,"column":74}},"75":{"start":{"line":255,"column":30},"end":{"line":255,"column":55}},"76":{"start":{"line":256,"column":26},"end":{"line":256,"column":46}},"77":{"start":{"line":257,"column":36},"end":{"line":257,"column":92}},"78":{"start":{"line":258,"column":8},"end":{"line":258,"column":97}},"79":{"start":{"line":261,"column":8},"end":{"line":261,"column":75}},"80":{"start":{"line":264,"column":27},"end":{"line":273,"column":9}},"81":{"start":{"line":275,"column":8},"end":{"line":275,"column":57}},"82":{"start":{"line":277,"column":8},"end":{"line":277,"column":71}},"83":{"start":{"line":279,"column":8},"end":{"line":279,"column":51}},"84":{"start":{"line":280,"column":8},"end":{"line":280,"column":78}},"85":{"start":{"line":285,"column":0},"end":{"line":355,"column":3}},"86":{"start":{"line":286,"column":22},"end":{"line":286,"column":30}},"87":{"start":{"line":288,"column":4},"end":{"line":354,"column":5}},"88":{"start":{"line":290,"column":27},"end":{"line":293,"column":9}},"89":{"start":{"line":294,"column":22},"end":{"line":294,"column":40}},"90":{"start":{"line":297,"column":8},"end":{"line":297,"column":32}},"91":{"start":{"line":299,"column":8},"end":{"line":336,"column":9}},"92":{"start":{"line":300,"column":33},"end":{"line":303,"column":13}},"93":{"start":{"line":304,"column":28},"end":{"line":304,"column":48}},"94":{"start":{"line":306,"column":12},"end":{"line":330,"column":13}},"95":{"start":{"line":307,"column":37},"end":{"line":312,"column":17}},"96":{"start":{"line":314,"column":37},"end":{"line":319,"column":17}},"97":{"start":{"line":321,"column":16},"end":{"line":329,"column":17}},"98":{"start":{"line":322,"column":20},"end":{"line":328,"column":22}},"99":{"start":{"line":332,"column":12},"end":{"line":335,"column":14}},"100":{"start":{"line":338,"column":8},"end":{"line":338,"column":33}},"101":{"start":{"line":341,"column":27},"end":{"line":346,"column":9}},"102":{"start":{"line":348,"column":8},"end":{"line":348,"column":57}},"103":{"start":{"line":349,"column":8},"end":{"line":349,"column":62}},"104":{"start":{"line":351,"column":8},"end":{"line":351,"column":35}},"105":{"start":{"line":352,"column":8},"end":{"line":352,"column":54}},"106":{"start":{"line":353,"column":8},"end":{"line":353,"column":56}},"107":{"start":{"line":357,"column":0},"end":{"line":357,"column":24}}},"fnMap":{"0":{"name":"(anonymous_0)","decl":{"start":{"line":8,"column":17},"end":{"line":8,"column":18}},"loc":{"start":{"line":8,"column":37},"end":{"line":178,"column":1}},"line":8},"1":{"name":"(anonymous_1)","decl":{"start":{"line":181,"column":24},"end":{"line":181,"column":25}},"loc":{"start":{"line":181,"column":44},"end":{"line":200,"column":1}},"line":181},"2":{"name":"(anonymous_2)","decl":{"start":{"line":203,"column":26},"end":{"line":203,"column":27}},"loc":{"start":{"line":203,"column":46},"end":{"line":282,"column":1}},"line":203},"3":{"name":"(anonymous_3)","decl":{"start":{"line":285,"column":23},"end":{"line":285,"column":24}},"loc":{"start":{"line":285,"column":43},"end":{"line":355,"column":1}},"line":285}},"branchMap":{"0":{"loc":{"start":{"line":10,"column":22},"end":{"line":10,"column":52}},"type":"binary-expr","locations":[{"start":{"line":10,"column":22},"end":{"line":10,"column":44}},{"start":{"line":10,"column":48},"end":{"line":10,"column":52}}],"line":10},"1":{"loc":{"start":{"line":14,"column":4},"end":{"line":16,"column":5}},"type":"if","locations":[{"start":{"line":14,"column":4},"end":{"line":16,"column":5}},{"start":{},"end":{}}],"line":14},"2":{"loc":{"start":{"line":14,"column":8},"end":{"line":14,"column":51}},"type":"binary-expr","locations":[{"start":{"line":14,"column":8},"end":{"line":14,"column":16}},{"start":{"line":14,"column":20},"end":{"line":14,"column":30}},{"start":{"line":14,"column":34},"end":{"line":14,"column":51}}],"line":14},"3":{"loc":{"start":{"line":25,"column":8},"end":{"line":27,"column":9}},"type":"if","locations":[{"start":{"line":25,"column":8},"end":{"line":27,"column":9}},{"start":{},"end":{}}],"line":25},"4":{"loc":{"start":{"line":25,"column":12},"end":{"line":25,"column":79}},"type":"binary-expr","locations":[{"start":{"line":25,"column":12},"end":{"line":25,"column":42}},{"start":{"line":25,"column":46},"end":{"line":25,"column":79}}],"line":25},"5":{"loc":{"start":{"line":37,"column":8},"end":{"line":39,"column":9}},"type":"if","locations":[{"start":{"line":37,"column":8},"end":{"line":39,"column":9}},{"start":{},"end":{}}],"line":37},"6":{"loc":{"start":{"line":50,"column":12},"end":{"line":59,"column":13}},"type":"if","locations":[{"start":{"line":50,"column":12},"end":{"line":59,"column":13}},{"start":{},"end":{}}],"line":50},"7":{"loc":{"start":{"line":65,"column":8},"end":{"line":74,"column":9}},"type":"if","locations":[{"start":{"line":65,"column":8},"end":{"line":74,"column":9}},{"start":{},"end":{}}],"line":65},"8":{"loc":{"start":{"line":65,"column":12},"end":{"line":65,"column":50}},"type":"binary-expr","locations":[{"start":{"line":65,"column":12},"end":{"line":65,"column":30}},{"start":{"line":65,"column":34},"end":{"line":65,"column":50}}],"line":65},"9":{"loc":{"start":{"line":77,"column":30},"end":{"line":77,"column":45}},"type":"binary-expr","locations":[{"start":{"line":77,"column":30},"end":{"line":77,"column":37}},{"start":{"line":77,"column":41},"end":{"line":77,"column":45}}],"line":77},"10":{"loc":{"start":{"line":78,"column":33},"end":{"line":78,"column":87}},"type":"cond-expr","locations":[{"start":{"line":78,"column":43},"end":{"line":78,"column":47}},{"start":{"line":78,"column":51},"end":{"line":78,"column":86}}],"line":78},"11":{"loc":{"start":{"line":78,"column":51},"end":{"line":78,"column":86}},"type":"cond-expr","locations":[{"start":{"line":78,"column":70},"end":{"line":78,"column":74}},{"start":{"line":78,"column":77},"end":{"line":78,"column":86}}],"line":78},"12":{"loc":{"start":{"line":79,"column":33},"end":{"line":79,"column":87}},"type":"cond-expr","locations":[{"start":{"line":79,"column":43},"end":{"line":79,"column":47}},{"start":{"line":79,"column":51},"end":{"line":79,"column":86}}],"line":79},"13":{"loc":{"start":{"line":79,"column":51},"end":{"line":79,"column":86}},"type":"cond-expr","locations":[{"start":{"line":79,"column":70},"end":{"line":79,"column":74}},{"start":{"line":79,"column":77},"end":{"line":79,"column":86}}],"line":79},"14":{"loc":{"start":{"line":81,"column":8},"end":{"line":107,"column":9}},"type":"if","locations":[{"start":{"line":81,"column":8},"end":{"line":107,"column":9}},{"start":{"line":94,"column":15},"end":{"line":107,"column":9}}],"line":81},"15":{"loc":{"start":{"line":91,"column":12},"end":{"line":93,"column":13}},"type":"if","locations":[{"start":{"line":91,"column":12},"end":{"line":93,"column":13}},{"start":{},"end":{}}],"line":91},"16":{"loc":{"start":{"line":104,"column":12},"end":{"line":106,"column":13}},"type":"if","locations":[{"start":{"line":104,"column":12},"end":{"line":106,"column":13}},{"start":{},"end":{}}],"line":104},"17":{"loc":{"start":{"line":157,"column":33},"end":{"line":157,"column":57}},"type":"binary-expr","locations":[{"start":{"line":157,"column":33},"end":{"line":157,"column":42}},{"start":{"line":157,"column":46},"end":{"line":157,"column":57}}],"line":157},"18":{"loc":{"start":{"line":215,"column":8},"end":{"line":217,"column":9}},"type":"if","locations":[{"start":{"line":215,"column":8},"end":{"line":217,"column":9}},{"start":{},"end":{}}],"line":215},"19":{"loc":{"start":{"line":221,"column":29},"end":{"line":221,"column":58}},"type":"binary-expr","locations":[{"start":{"line":221,"column":29},"end":{"line":221,"column":43}},{"start":{"line":221,"column":47},"end":{"line":221,"column":58}}],"line":221},"20":{"loc":{"start":{"line":225,"column":8},"end":{"line":238,"column":9}},"type":"if","locations":[{"start":{"line":225,"column":8},"end":{"line":238,"column":9}},{"start":{},"end":{}}],"line":225},"21":{"loc":{"start":{"line":230,"column":73},"end":{"line":230,"column":110}},"type":"cond-expr","locations":[{"start":{"line":230,"column":91},"end":{"line":230,"column":105}},{"start":{"line":230,"column":108},"end":{"line":230,"column":110}}],"line":230},"22":{"loc":{"start":{"line":306,"column":12},"end":{"line":330,"column":13}},"type":"if","locations":[{"start":{"line":306,"column":12},"end":{"line":330,"column":13}},{"start":{},"end":{}}],"line":306},"23":{"loc":{"start":{"line":306,"column":16},"end":{"line":306,"column":75}},"type":"binary-expr","locations":[{"start":{"line":306,"column":16},"end":{"line":306,"column":56}},{"start":{"line":306,"column":60},"end":{"line":306,"column":75}}],"line":306},"24":{"loc":{"start":{"line":321,"column":16},"end":{"line":329,"column":17}},"type":"if","locations":[{"start":{"line":321,"column":16},"end":{"line":329,"column":17}},{"start":{},"end":{}}],"line":321}},"s":{"0":0,"1":0,"2":0,"3":0,"4":0,"5":0,"6":0,"7":0,"8":0,"9":0,"10":0,"11":0,"12":0,"13":0,"14":0,"15":0,"16":0,"17":0,"18":0,"19":0,"20":0,"21":0,"22":0,"23":0,"24":0,"25":0,"26":0,"27":0,"28":0,"29":0,"30":0,"31":0,"32":0,"33":0,"34":0,"35":0,"36":0,"37":0,"38":0,"39":0,"40":0,"41":0,"42":0,"43":0,"44":0,"45":0,"46":0,"47":0,"48":0,"49":0,"50":0,"51":0,"52":0,"53":0,"54":0,"55":0,"56":0,"57":0,"58":0,"59":0,"60":0,"61":0,"62":0,"63":0,"64":0,"65":0,"66":0,"67":0,"68":0,"69":0,"70":0,"71":0,"72":0,"73":0,"74":0,"75":0,"76":0,"77":0,"78":0,"79":0,"80":0,"81":0,"82":0,"83":0,"84":0,"85":0,"86":0,"87":0,"88":0,"89":0,"90":0,"91":0,"92":0,"93":0,"94":0,"95":0,"96":0,"97":0,"98":0,"99":0,"100":0,"101":0,"102":0,"103":0,"104":0,"105":0,"106":0,"107":0},"f":{"0":0,"1":0,"2":0,"3":0},"b":{"0":[0,0],"1":[0,0],"2":[0,0,0],"3":[0,0],"4":[0,0],"5":[0,0],"6":[0,0],"7":[0,0],"8":[0,0],"9":[0,0],"10":[0,0],"11":[0,0],"12":[0,0],"13":[0,0],"14":[0,0],"15":[0,0],"16":[0,0],"17":[0,0],"18":[0,0],"19":[0,0],"20":[0,0],"21":[0,0],"22":[0,0],"23":[0,0],"24":[0,0]}}
,"/Users/eBookPro/Desktop/code/open-mic-guru/backend/src/routes/notifications.js": {"path":"/Users/eBookPro/Desktop/code/open-mic-guru/backend/src/routes/notifications.js","statementMap":{"0":{"start":{"line":1,"column":16},"end":{"line":1,"column":34}},"1":{"start":{"line":2,"column":15},"end":{"line":2,"column":31}},"2":{"start":{"line":3,"column":11},"end":{"line":3,"column":27}},"3":{"start":{"line":4,"column":20},"end":{"line":4,"column":56}},"4":{"start":{"line":5,"column":35},"end":{"line":5,"column":71}},"5":{"start":{"line":7,"column":0},"end":{"line":14,"column":3}},"6":{"start":{"line":13,"column":4},"end":{"line":13,"column":11}},"7":{"start":{"line":17,"column":0},"end":{"line":82,"column":3}},"8":{"start":{"line":18,"column":4},"end":{"line":81,"column":5}},"9":{"start":{"line":19,"column":23},"end":{"line":19,"column":38}},"10":{"start":{"line":20,"column":21},"end":{"line":20,"column":50}},"11":{"start":{"line":21,"column":22},"end":{"line":21,"column":53}},"12":{"start":{"line":22,"column":23},"end":{"line":22,"column":41}},"13":{"start":{"line":23,"column":27},"end":{"line":23,"column":54}},"14":{"start":{"line":25,"column":20},"end":{"line":57,"column":9}},"15":{"start":{"line":59,"column":23},"end":{"line":59,"column":69}},"16":{"start":{"line":60,"column":39},"end":{"line":74,"column":10}},"17":{"start":{"line":61,"column":12},"end":{"line":72,"column":13}},"18":{"start":{"line":62,"column":33},"end":{"line":67,"column":17}},"19":{"start":{"line":68,"column":16},"end":{"line":71,"column":18}},"20":{"start":{"line":73,"column":12},"end":{"line":73,"column":32}},"21":{"start":{"line":76,"column":8},"end":{"line":76,"column":41}},"22":{"start":{"line":79,"column":8},"end":{"line":79,"column":68}},"23":{"start":{"line":80,"column":8},"end":{"line":80,"column":56}},"24":{"start":{"line":85,"column":0},"end":{"line":108,"column":3}},"25":{"start":{"line":86,"column":4},"end":{"line":107,"column":5}},"26":{"start":{"line":87,"column":37},"end":{"line":87,"column":45}},"27":{"start":{"line":88,"column":23},"end":{"line":88,"column":38}},"28":{"start":{"line":90,"column":23},"end":{"line":98,"column":9}},"29":{"start":{"line":100,"column":8},"end":{"line":103,"column":11}},"30":{"start":{"line":105,"column":8},"end":{"line":105,"column":67}},"31":{"start":{"line":106,"column":8},"end":{"line":106,"column":56}},"32":{"start":{"line":111,"column":0},"end":{"line":135,"column":3}},"33":{"start":{"line":112,"column":4},"end":{"line":134,"column":5}},"34":{"start":{"line":113,"column":23},"end":{"line":113,"column":34}},"35":{"start":{"line":114,"column":23},"end":{"line":117,"column":9}},"36":{"start":{"line":119,"column":8},"end":{"line":130,"column":9}},"37":{"start":{"line":121,"column":33},"end":{"line":126,"column":13}},"38":{"start":{"line":127,"column":12},"end":{"line":127,"column":43}},"39":{"start":{"line":129,"column":12},"end":{"line":129,"column":37}},"40":{"start":{"line":132,"column":8},"end":{"line":132,"column":71}},"41":{"start":{"line":133,"column":8},"end":{"line":133,"column":56}},"42":{"start":{"line":138,"column":0},"end":{"line":165,"column":3}},"43":{"start":{"line":139,"column":4},"end":{"line":164,"column":5}},"44":{"start":{"line":140,"column":23},"end":{"line":140,"column":34}},"45":{"start":{"line":141,"column":84},"end":{"line":141,"column":92}},"46":{"start":{"line":143,"column":23},"end":{"line":158,"column":9}},"47":{"start":{"line":160,"column":8},"end":{"line":160,"column":33}},"48":{"start":{"line":162,"column":8},"end":{"line":162,"column":71}},"49":{"start":{"line":163,"column":8},"end":{"line":163,"column":56}},"50":{"start":{"line":167,"column":0},"end":{"line":195,"column":3}},"51":{"start":{"line":168,"column":4},"end":{"line":194,"column":5}},"52":{"start":{"line":169,"column":29},"end":{"line":169,"column":37}},"53":{"start":{"line":170,"column":23},"end":{"line":170,"column":38}},"54":{"start":{"line":172,"column":23},"end":{"line":178,"column":9}},"55":{"start":{"line":180,"column":39},"end":{"line":180,"column":87}},"56":{"start":{"line":180,"column":71},"end":{"line":180,"column":86}},"57":{"start":{"line":181,"column":8},"end":{"line":185,"column":11}},"58":{"start":{"line":187,"column":8},"end":{"line":190,"column":11}},"59":{"start":{"line":192,"column":8},"end":{"line":192,"column":60}},"60":{"start":{"line":193,"column":8},"end":{"line":193,"column":56}},"61":{"start":{"line":197,"column":0},"end":{"line":197,"column":24}}},"fnMap":{"0":{"name":"(anonymous_0)","decl":{"start":{"line":7,"column":11},"end":{"line":7,"column":12}},"loc":{"start":{"line":7,"column":31},"end":{"line":14,"column":1}},"line":7},"1":{"name":"(anonymous_1)","decl":{"start":{"line":17,"column":29},"end":{"line":17,"column":30}},"loc":{"start":{"line":17,"column":49},"end":{"line":82,"column":1}},"line":17},"2":{"name":"(anonymous_2)","decl":{"start":{"line":60,"column":55},"end":{"line":60,"column":56}},"loc":{"start":{"line":60,"column":71},"end":{"line":74,"column":9}},"line":60},"3":{"name":"(anonymous_3)","decl":{"start":{"line":85,"column":39},"end":{"line":85,"column":40}},"loc":{"start":{"line":85,"column":59},"end":{"line":108,"column":1}},"line":85},"4":{"name":"(anonymous_4)","decl":{"start":{"line":111,"column":40},"end":{"line":111,"column":41}},"loc":{"start":{"line":111,"column":60},"end":{"line":135,"column":1}},"line":111},"5":{"name":"(anonymous_5)","decl":{"start":{"line":138,"column":40},"end":{"line":138,"column":41}},"loc":{"start":{"line":138,"column":60},"end":{"line":165,"column":1}},"line":138},"6":{"name":"(anonymous_6)","decl":{"start":{"line":167,"column":32},"end":{"line":167,"column":33}},"loc":{"start":{"line":167,"column":52},"end":{"line":195,"column":1}},"line":167},"7":{"name":"(anonymous_7)","decl":{"start":{"line":180,"column":55},"end":{"line":180,"column":56}},"loc":{"start":{"line":180,"column":71},"end":{"line":180,"column":86}},"line":180}},"branchMap":{"0":{"loc":{"start":{"line":20,"column":21},"end":{"line":20,"column":50}},"type":"binary-expr","locations":[{"start":{"line":20,"column":21},"end":{"line":20,"column":45}},{"start":{"line":20,"column":49},"end":{"line":20,"column":50}}],"line":20},"1":{"loc":{"start":{"line":21,"column":22},"end":{"line":21,"column":53}},"type":"binary-expr","locations":[{"start":{"line":21,"column":22},"end":{"line":21,"column":47}},{"start":{"line":21,"column":51},"end":{"line":21,"column":53}}],"line":21},"2":{"loc":{"start":{"line":54,"column":14},"end":{"line":54,"column":55}},"type":"cond-expr","locations":[{"start":{"line":54,"column":27},"end":{"line":54,"column":50}},{"start":{"line":54,"column":53},"end":{"line":54,"column":55}}],"line":54},"3":{"loc":{"start":{"line":61,"column":12},"end":{"line":72,"column":13}},"type":"if","locations":[{"start":{"line":61,"column":12},"end":{"line":72,"column":13}},{"start":{},"end":{}}],"line":61},"4":{"loc":{"start":{"line":61,"column":16},"end":{"line":61,"column":69}},"type":"binary-expr","locations":[{"start":{"line":61,"column":16},"end":{"line":61,"column":41}},{"start":{"line":61,"column":45},"end":{"line":61,"column":69}}],"line":61},"5":{"loc":{"start":{"line":119,"column":8},"end":{"line":130,"column":9}},"type":"if","locations":[{"start":{"line":119,"column":8},"end":{"line":130,"column":9}},{"start":{"line":128,"column":15},"end":{"line":130,"column":9}}],"line":119}},"s":{"0":0,"1":0,"2":0,"3":0,"4":0,"5":0,"6":0,"7":0,"8":0,"9":0,"10":0,"11":0,"12":0,"13":0,"14":0,"15":0,"16":0,"17":0,"18":0,"19":0,"20":0,"21":0,"22":0,"23":0,"24":0,"25":0,"26":0,"27":0,"28":0,"29":0,"30":0,"31":0,"32":0,"33":0,"34":0,"35":0,"36":0,"37":0,"38":0,"39":0,"40":0,"41":0,"42":0,"43":0,"44":0,"45":0,"46":0,"47":0,"48":0,"49":0,"50":0,"51":0,"52":0,"53":0,"54":0,"55":0,"56":0,"57":0,"58":0,"59":0,"60":0,"61":0},"f":{"0":0,"1":0,"2":0,"3":0,"4":0,"5":0,"6":0,"7":0},"b":{"0":[0,0],"1":[0,0],"2":[0,0],"3":[0,0],"4":[0,0],"5":[0,0]}}
,"/Users/eBookPro/Desktop/code/open-mic-guru/backend/src/routes/users.js": {"path":"/Users/eBookPro/Desktop/code/open-mic-guru/backend/src/routes/users.js","statementMap":{"0":{"start":{"line":1,"column":16},"end":{"line":1,"column":34}},"1":{"start":{"line":2,"column":15},"end":{"line":2,"column":31}},"2":{"start":{"line":3,"column":11},"end":{"line":3,"column":27}},"3":{"start":{"line":4,"column":20},"end":{"line":4,"column":56}},"4":{"start":{"line":5,"column":15},"end":{"line":5,"column":32}},"5":{"start":{"line":6,"column":12},"end":{"line":6,"column":35}},"6":{"start":{"line":7,"column":35},"end":{"line":7,"column":63}},"7":{"start":{"line":8,"column":12},"end":{"line":8,"column":30}},"8":{"start":{"line":11,"column":0},"end":{"line":15,"column":3}},"9":{"start":{"line":17,"column":11},"end":{"line":17,"column":23}},"10":{"start":{"line":20,"column":0},"end":{"line":71,"column":3}},"11":{"start":{"line":21,"column":4},"end":{"line":70,"column":5}},"12":{"start":{"line":22,"column":23},"end":{"line":65,"column":10}},"13":{"start":{"line":66,"column":8},"end":{"line":66,"column":30}},"14":{"start":{"line":68,"column":8},"end":{"line":68,"column":27}},"15":{"start":{"line":69,"column":8},"end":{"line":69,"column":45}},"16":{"start":{"line":74,"column":0},"end":{"line":134,"column":3}},"17":{"start":{"line":75,"column":87},"end":{"line":75,"column":95}},"18":{"start":{"line":76,"column":25},"end":{"line":76,"column":29}},"19":{"start":{"line":78,"column":4},"end":{"line":80,"column":5}},"20":{"start":{"line":79,"column":8},"end":{"line":79,"column":57}},"21":{"start":{"line":82,"column":4},"end":{"line":133,"column":5}},"22":{"start":{"line":83,"column":8},"end":{"line":126,"column":9}},"23":{"start":{"line":84,"column":36},"end":{"line":84,"column":77}},"24":{"start":{"line":85,"column":27},"end":{"line":85,"column":45}},"25":{"start":{"line":87,"column":12},"end":{"line":117,"column":13}},"26":{"start":{"line":88,"column":16},"end":{"line":88,"column":44}},"27":{"start":{"line":91,"column":34},"end":{"line":97,"column":17}},"28":{"start":{"line":98,"column":34},"end":{"line":98,"column":74}},"29":{"start":{"line":100,"column":16},"end":{"line":103,"column":17}},"30":{"start":{"line":101,"column":20},"end":{"line":101,"column":77}},"31":{"start":{"line":102,"column":20},"end":{"line":102,"column":53}},"32":{"start":{"line":105,"column":16},"end":{"line":105,"column":84}},"33":{"start":{"line":106,"column":16},"end":{"line":106,"column":41}},"34":{"start":{"line":108,"column":31},"end":{"line":108,"column":75}},"35":{"start":{"line":110,"column":16},"end":{"line":110,"column":45}},"36":{"start":{"line":111,"column":16},"end":{"line":111,"column":70}},"37":{"start":{"line":113,"column":16},"end":{"line":113,"column":47}},"38":{"start":{"line":114,"column":16},"end":{"line":114,"column":26}},"39":{"start":{"line":116,"column":16},"end":{"line":116,"column":33}},"40":{"start":{"line":119,"column":36},"end":{"line":119,"column":77}},"41":{"start":{"line":120,"column":27},"end":{"line":124,"column":13}},"42":{"start":{"line":125,"column":12},"end":{"line":125,"column":66}},"43":{"start":{"line":128,"column":8},"end":{"line":128,"column":46}},"44":{"start":{"line":129,"column":8},"end":{"line":132,"column":11}},"45":{"start":{"line":137,"column":0},"end":{"line":159,"column":3}},"46":{"start":{"line":138,"column":4},"end":{"line":158,"column":5}},"47":{"start":{"line":139,"column":36},"end":{"line":139,"column":44}},"48":{"start":{"line":141,"column":23},"end":{"line":141,"column":86}},"49":{"start":{"line":142,"column":8},"end":{"line":144,"column":9}},"50":{"start":{"line":143,"column":12},"end":{"line":143,"column":78}},"51":{"start":{"line":145,"column":21},"end":{"line":145,"column":35}},"52":{"start":{"line":147,"column":24},"end":{"line":147,"column":69}},"53":{"start":{"line":148,"column":8},"end":{"line":150,"column":9}},"54":{"start":{"line":149,"column":12},"end":{"line":149,"column":78}},"55":{"start":{"line":152,"column":22},"end":{"line":152,"column":97}},"56":{"start":{"line":154,"column":8},"end":{"line":154,"column":28}},"57":{"start":{"line":156,"column":8},"end":{"line":156,"column":27}},"58":{"start":{"line":157,"column":8},"end":{"line":157,"column":45}},"59":{"start":{"line":162,"column":0},"end":{"line":224,"column":3}},"60":{"start":{"line":163,"column":4},"end":{"line":223,"column":5}},"61":{"start":{"line":164,"column":27},"end":{"line":164,"column":37}},"62":{"start":{"line":167,"column":26},"end":{"line":170,"column":9}},"63":{"start":{"line":171,"column":8},"end":{"line":173,"column":9}},"64":{"start":{"line":172,"column":12},"end":{"line":172,"column":69}},"65":{"start":{"line":174,"column":21},"end":{"line":174,"column":38}},"66":{"start":{"line":177,"column":28},"end":{"line":214,"column":20}},"67":{"start":{"line":216,"column":23},"end":{"line":216,"column":39}},"68":{"start":{"line":219,"column":8},"end":{"line":219,"column":35}},"69":{"start":{"line":221,"column":8},"end":{"line":221,"column":27}},"70":{"start":{"line":222,"column":8},"end":{"line":222,"column":45}},"71":{"start":{"line":227,"column":0},"end":{"line":242,"column":3}},"72":{"start":{"line":228,"column":23},"end":{"line":228,"column":33}},"73":{"start":{"line":229,"column":24},"end":{"line":229,"column":35}},"74":{"start":{"line":231,"column":4},"end":{"line":233,"column":5}},"75":{"start":{"line":232,"column":8},"end":{"line":232,"column":87}},"76":{"start":{"line":235,"column":4},"end":{"line":241,"column":5}},"77":{"start":{"line":236,"column":8},"end":{"line":236,"column":68}},"78":{"start":{"line":237,"column":8},"end":{"line":237,"column":31}},"79":{"start":{"line":239,"column":8},"end":{"line":239,"column":27}},"80":{"start":{"line":240,"column":8},"end":{"line":240,"column":78}},"81":{"start":{"line":244,"column":0},"end":{"line":261,"column":3}},"82":{"start":{"line":245,"column":43},"end":{"line":245,"column":51}},"83":{"start":{"line":246,"column":27},"end":{"line":246,"column":50}},"84":{"start":{"line":247,"column":21},"end":{"line":252,"column":5}},"85":{"start":{"line":254,"column":4},"end":{"line":260,"column":5}},"86":{"start":{"line":255,"column":26},"end":{"line":255,"column":77}},"87":{"start":{"line":256,"column":8},"end":{"line":256,"column":32}},"88":{"start":{"line":258,"column":8},"end":{"line":258,"column":27}},"89":{"start":{"line":259,"column":8},"end":{"line":259,"column":71}},"90":{"start":{"line":263,"column":0},"end":{"line":282,"column":3}},"91":{"start":{"line":264,"column":4},"end":{"line":281,"column":5}},"92":{"start":{"line":265,"column":37},"end":{"line":265,"column":45}},"93":{"start":{"line":266,"column":23},"end":{"line":266,"column":91}},"94":{"start":{"line":268,"column":8},"end":{"line":270,"column":9}},"95":{"start":{"line":269,"column":12},"end":{"line":269,"column":69}},"96":{"start":{"line":272,"column":24},"end":{"line":272,"column":79}},"97":{"start":{"line":273,"column":8},"end":{"line":275,"column":9}},"98":{"start":{"line":274,"column":12},"end":{"line":274,"column":71}},"99":{"start":{"line":277,"column":8},"end":{"line":277,"column":34}},"100":{"start":{"line":279,"column":8},"end":{"line":279,"column":59}},"101":{"start":{"line":280,"column":8},"end":{"line":280,"column":56}},"102":{"start":{"line":284,"column":0},"end":{"line":284,"column":24}}},"fnMap":{"0":{"name":"(anonymous_0)","decl":{"start":{"line":20,"column":16},"end":{"line":20,"column":17}},"loc":{"start":{"line":20,"column":36},"end":{"line":71,"column":1}},"line":20},"1":{"name":"(anonymous_1)","decl":{"start":{"line":74,"column":25},"end":{"line":74,"column":26}},"loc":{"start":{"line":74,"column":45},"end":{"line":134,"column":1}},"line":74},"2":{"name":"(anonymous_2)","decl":{"start":{"line":137,"column":22},"end":{"line":137,"column":23}},"loc":{"start":{"line":137,"column":42},"end":{"line":159,"column":1}},"line":137},"3":{"name":"(anonymous_3)","decl":{"start":{"line":162,"column":23},"end":{"line":162,"column":24}},"loc":{"start":{"line":162,"column":43},"end":{"line":224,"column":1}},"line":162},"4":{"name":"(anonymous_4)","decl":{"start":{"line":227,"column":39},"end":{"line":227,"column":40}},"loc":{"start":{"line":227,"column":59},"end":{"line":242,"column":1}},"line":227},"5":{"name":"(anonymous_5)","decl":{"start":{"line":244,"column":23},"end":{"line":244,"column":24}},"loc":{"start":{"line":244,"column":43},"end":{"line":261,"column":1}},"line":244},"6":{"name":"(anonymous_6)","decl":{"start":{"line":263,"column":34},"end":{"line":263,"column":35}},"loc":{"start":{"line":263,"column":54},"end":{"line":282,"column":1}},"line":263}},"branchMap":{"0":{"loc":{"start":{"line":78,"column":4},"end":{"line":80,"column":5}},"type":"if","locations":[{"start":{"line":78,"column":4},"end":{"line":80,"column":5}},{"start":{},"end":{}}],"line":78},"1":{"loc":{"start":{"line":83,"column":8},"end":{"line":126,"column":9}},"type":"if","locations":[{"start":{"line":83,"column":8},"end":{"line":126,"column":9}},{"start":{"line":118,"column":15},"end":{"line":126,"column":9}}],"line":83},"2":{"loc":{"start":{"line":84,"column":51},"end":{"line":84,"column":76}},"type":"binary-expr","locations":[{"start":{"line":84,"column":51},"end":{"line":84,"column":70}},{"start":{"line":84,"column":74},"end":{"line":84,"column":76}}],"line":84},"3":{"loc":{"start":{"line":100,"column":16},"end":{"line":103,"column":17}},"type":"if","locations":[{"start":{"line":100,"column":16},"end":{"line":103,"column":17}},{"start":{},"end":{}}],"line":100},"4":{"loc":{"start":{"line":119,"column":51},"end":{"line":119,"column":76}},"type":"binary-expr","locations":[{"start":{"line":119,"column":51},"end":{"line":119,"column":70}},{"start":{"line":119,"column":74},"end":{"line":119,"column":76}}],"line":119},"5":{"loc":{"start":{"line":142,"column":8},"end":{"line":144,"column":9}},"type":"if","locations":[{"start":{"line":142,"column":8},"end":{"line":144,"column":9}},{"start":{},"end":{}}],"line":142},"6":{"loc":{"start":{"line":148,"column":8},"end":{"line":150,"column":9}},"type":"if","locations":[{"start":{"line":148,"column":8},"end":{"line":150,"column":9}},{"start":{},"end":{}}],"line":148},"7":{"loc":{"start":{"line":171,"column":8},"end":{"line":173,"column":9}},"type":"if","locations":[{"start":{"line":171,"column":8},"end":{"line":173,"column":9}},{"start":{},"end":{}}],"line":171},"8":{"loc":{"start":{"line":231,"column":4},"end":{"line":233,"column":5}},"type":"if","locations":[{"start":{"line":231,"column":4},"end":{"line":233,"column":5}},{"start":{},"end":{}}],"line":231},"9":{"loc":{"start":{"line":268,"column":8},"end":{"line":270,"column":9}},"type":"if","locations":[{"start":{"line":268,"column":8},"end":{"line":270,"column":9}},{"start":{},"end":{}}],"line":268},"10":{"loc":{"start":{"line":273,"column":8},"end":{"line":275,"column":9}},"type":"if","locations":[{"start":{"line":273,"column":8},"end":{"line":275,"column":9}},{"start":{},"end":{}}],"line":273}},"s":{"0":1,"1":1,"2":1,"3":1,"4":1,"5":1,"6":1,"7":1,"8":1,"9":1,"10":1,"11":1,"12":1,"13":1,"14":0,"15":0,"16":1,"17":3,"18":3,"19":3,"20":3,"21":3,"22":3,"23":0,"24":0,"25":0,"26":0,"27":0,"28":0,"29":0,"30":0,"31":0,"32":0,"33":0,"34":0,"35":0,"36":0,"37":0,"38":0,"39":0,"40":3,"41":3,"42":2,"43":1,"44":1,"45":1,"46":2,"47":2,"48":2,"49":2,"50":0,"51":2,"52":2,"53":2,"54":1,"55":1,"56":1,"57":0,"58":0,"59":1,"60":2,"61":2,"62":2,"63":2,"64":1,"65":1,"66":1,"67":1,"68":1,"69":0,"70":0,"71":1,"72":2,"73":2,"74":2,"75":2,"76":0,"77":0,"78":0,"79":0,"80":0,"81":1,"82":2,"83":2,"84":2,"85":2,"86":2,"87":2,"88":0,"89":0,"90":1,"91":3,"92":3,"93":3,"94":3,"95":1,"96":2,"97":2,"98":1,"99":1,"100":0,"101":0,"102":1},"f":{"0":1,"1":3,"2":2,"3":2,"4":2,"5":2,"6":3},"b":{"0":[3,0],"1":[0,3],"2":[0,0],"3":[0,0],"4":[3,2],"5":[0,2],"6":[1,1],"7":[1,1],"8":[2,0],"9":[1,2],"10":[1,1]},"_coverageSchema":"1a1c01bbd47fc00a2c39e90264f33305004495a9","hash":"fba6d0348a5c2a6d4663a0cef91984c6e82799f0"}
,"/Users/eBookPro/Desktop/code/open-mic-guru/backend/src/routes/venues.js": {"path":"/Users/eBookPro/Desktop/code/open-mic-guru/backend/src/routes/venues.js","statementMap":{"0":{"start":{"line":1,"column":16},"end":{"line":1,"column":34}},"1":{"start":{"line":2,"column":15},"end":{"line":2,"column":31}},"2":{"start":{"line":3,"column":11},"end":{"line":3,"column":27}},"3":{"start":{"line":6,"column":0},"end":{"line":28,"column":3}},"4":{"start":{"line":7,"column":51},"end":{"line":7,"column":59}},"5":{"start":{"line":9,"column":4},"end":{"line":27,"column":5}},"6":{"start":{"line":10,"column":20},"end":{"line":13,"column":9}},"7":{"start":{"line":15,"column":8},"end":{"line":23,"column":9}},"8":{"start":{"line":16,"column":12},"end":{"line":16,"column":52}},"9":{"start":{"line":18,"column":29},"end":{"line":21,"column":13}},"10":{"start":{"line":22,"column":12},"end":{"line":22,"column":67}},"11":{"start":{"line":25,"column":8},"end":{"line":25,"column":52}},"12":{"start":{"line":26,"column":8},"end":{"line":26,"column":67}},"13":{"start":{"line":30,"column":0},"end":{"line":30,"column":24}}},"fnMap":{"0":{"name":"(anonymous_0)","decl":{"start":{"line":6,"column":30},"end":{"line":6,"column":31}},"loc":{"start":{"line":6,"column":50},"end":{"line":28,"column":1}},"line":6}},"branchMap":{"0":{"loc":{"start":{"line":15,"column":8},"end":{"line":23,"column":9}},"type":"if","locations":[{"start":{"line":15,"column":8},"end":{"line":23,"column":9}},{"start":{"line":17,"column":15},"end":{"line":23,"column":9}}],"line":15}},"s":{"0":0,"1":0,"2":0,"3":0,"4":0,"5":0,"6":0,"7":0,"8":0,"9":0,"10":0,"11":0,"12":0,"13":0},"f":{"0":0},"b":{"0":[0,0]}}
,"/Users/eBookPro/Desktop/code/open-mic-guru/backend/src/utils/apiResponse.js": {"path":"/Users/eBookPro/Desktop/code/open-mic-guru/backend/src/utils/apiResponse.js","statementMap":{"0":{"start":{"line":1,"column":26},"end":{"line":5,"column":2}},"1":{"start":{"line":1,"column":53},"end":{"line":5,"column":1}},"2":{"start":{"line":7,"column":28},"end":{"line":11,"column":2}},"3":{"start":{"line":7,"column":56},"end":{"line":11,"column":1}},"4":{"start":{"line":13,"column":0},"end":{"line":16,"column":2}}},"fnMap":{"0":{"name":"(anonymous_0)","decl":{"start":{"line":1,"column":26},"end":{"line":1,"column":27}},"loc":{"start":{"line":1,"column":53},"end":{"line":5,"column":1}},"line":1},"1":{"name":"(anonymous_1)","decl":{"start":{"line":7,"column":28},"end":{"line":7,"column":29}},"loc":{"start":{"line":7,"column":56},"end":{"line":11,"column":1}},"line":7}},"branchMap":{"0":{"loc":{"start":{"line":1,"column":33},"end":{"line":1,"column":47}},"type":"default-arg","locations":[{"start":{"line":1,"column":43},"end":{"line":1,"column":47}}],"line":1},"1":{"loc":{"start":{"line":7,"column":38},"end":{"line":7,"column":50}},"type":"default-arg","locations":[{"start":{"line":7,"column":47},"end":{"line":7,"column":50}}],"line":7}},"s":{"0":0,"1":0,"2":0,"3":0,"4":0},"f":{"0":0,"1":0},"b":{"0":[0],"1":[0]}}
,"/Users/eBookPro/Desktop/code/open-mic-guru/backend/src/utils/notifications.js": {"path":"/Users/eBookPro/Desktop/code/open-mic-guru/backend/src/utils/notifications.js","statementMap":{"0":{"start":{"line":1,"column":11},"end":{"line":1,"column":27}},"1":{"start":{"line":4,"column":4},"end":{"line":76,"column":5}},"2":{"start":{"line":6,"column":28},"end":{"line":9,"column":9}},"3":{"start":{"line":11,"column":8},"end":{"line":11,"column":87}},"4":{"start":{"line":13,"column":22},"end":{"line":13,"column":41}},"5":{"start":{"line":14,"column":8},"end":{"line":17,"column":9}},"6":{"start":{"line":15,"column":12},"end":{"line":15,"column":79}},"7":{"start":{"line":16,"column":12},"end":{"line":16,"column":19}},"8":{"start":{"line":20,"column":8},"end":{"line":23,"column":9}},"9":{"start":{"line":21,"column":12},"end":{"line":21,"column":74}},"10":{"start":{"line":22,"column":12},"end":{"line":22,"column":19}},"11":{"start":{"line":24,"column":8},"end":{"line":27,"column":9}},"12":{"start":{"line":25,"column":12},"end":{"line":25,"column":75}},"13":{"start":{"line":26,"column":12},"end":{"line":26,"column":19}},"14":{"start":{"line":28,"column":8},"end":{"line":31,"column":9}},"15":{"start":{"line":29,"column":12},"end":{"line":29,"column":74}},"16":{"start":{"line":30,"column":12},"end":{"line":30,"column":19}},"17":{"start":{"line":34,"column":23},"end":{"line":40,"column":9}},"18":{"start":{"line":42,"column":8},"end":{"line":42,"column":61}},"19":{"start":{"line":45,"column":33},"end":{"line":60,"column":31}},"20":{"start":{"line":63,"column":8},"end":{"line":70,"column":9}},"21":{"start":{"line":64,"column":40},"end":{"line":68,"column":13}},"22":{"start":{"line":69,"column":12},"end":{"line":69,"column":70}},"23":{"start":{"line":72,"column":8},"end":{"line":72,"column":30}},"24":{"start":{"line":74,"column":8},"end":{"line":74,"column":59}},"25":{"start":{"line":75,"column":8},"end":{"line":75,"column":18}},"26":{"start":{"line":79,"column":0},"end":{"line":81,"column":2}}},"fnMap":{"0":{"name":"createNotification","decl":{"start":{"line":3,"column":15},"end":{"line":3,"column":33}},"loc":{"start":{"line":3,"column":106},"end":{"line":77,"column":1}},"line":3}},"branchMap":{"0":{"loc":{"start":{"line":3,"column":57},"end":{"line":3,"column":71}},"type":"default-arg","locations":[{"start":{"line":3,"column":67},"end":{"line":3,"column":71}}],"line":3},"1":{"loc":{"start":{"line":3,"column":73},"end":{"line":3,"column":92}},"type":"default-arg","locations":[{"start":{"line":3,"column":88},"end":{"line":3,"column":92}}],"line":3},"2":{"loc":{"start":{"line":3,"column":94},"end":{"line":3,"column":104}},"type":"default-arg","locations":[{"start":{"line":3,"column":100},"end":{"line":3,"column":104}}],"line":3},"3":{"loc":{"start":{"line":14,"column":8},"end":{"line":17,"column":9}},"type":"if","locations":[{"start":{"line":14,"column":8},"end":{"line":17,"column":9}},{"start":{},"end":{}}],"line":14},"4":{"loc":{"start":{"line":20,"column":8},"end":{"line":23,"column":9}},"type":"if","locations":[{"start":{"line":20,"column":8},"end":{"line":23,"column":9}},{"start":{},"end":{}}],"line":20},"5":{"loc":{"start":{"line":20,"column":12},"end":{"line":20,"column":65}},"type":"binary-expr","locations":[{"start":{"line":20,"column":12},"end":{"line":20,"column":34}},{"start":{"line":20,"column":38},"end":{"line":20,"column":65}}],"line":20},"6":{"loc":{"start":{"line":24,"column":8},"end":{"line":27,"column":9}},"type":"if","locations":[{"start":{"line":24,"column":8},"end":{"line":27,"column":9}},{"start":{},"end":{}}],"line":24},"7":{"loc":{"start":{"line":24,"column":12},"end":{"line":24,"column":73}},"type":"binary-expr","locations":[{"start":{"line":24,"column":12},"end":{"line":24,"column":35}},{"start":{"line":24,"column":39},"end":{"line":24,"column":73}}],"line":24},"8":{"loc":{"start":{"line":28,"column":8},"end":{"line":31,"column":9}},"type":"if","locations":[{"start":{"line":28,"column":8},"end":{"line":31,"column":9}},{"start":{},"end":{}}],"line":28},"9":{"loc":{"start":{"line":28,"column":12},"end":{"line":28,"column":86}},"type":"binary-expr","locations":[{"start":{"line":28,"column":12},"end":{"line":28,"column":35}},{"start":{"line":28,"column":39},"end":{"line":28,"column":63}},{"start":{"line":28,"column":67},"end":{"line":28,"column":86}}],"line":28},"10":{"loc":{"start":{"line":63,"column":8},"end":{"line":70,"column":9}},"type":"if","locations":[{"start":{"line":63,"column":8},"end":{"line":70,"column":9}},{"start":{},"end":{}}],"line":63},"11":{"loc":{"start":{"line":63,"column":12},"end":{"line":63,"column":66}},"type":"binary-expr","locations":[{"start":{"line":63,"column":12},"end":{"line":63,"column":15}},{"start":{"line":63,"column":19},"end":{"line":63,"column":26}},{"start":{"line":63,"column":30},"end":{"line":63,"column":66}}],"line":63}},"s":{"0":0,"1":0,"2":0,"3":0,"4":0,"5":0,"6":0,"7":0,"8":0,"9":0,"10":0,"11":0,"12":0,"13":0,"14":0,"15":0,"16":0,"17":0,"18":0,"19":0,"20":0,"21":0,"22":0,"23":0,"24":0,"25":0,"26":0},"f":{"0":0},"b":{"0":[0],"1":[0],"2":[0],"3":[0,0],"4":[0,0],"5":[0,0],"6":[0,0],"7":[0,0],"8":[0,0],"9":[0,0,0],"10":[0,0],"11":[0,0,0]}}
,"/Users/eBookPro/Desktop/code/open-mic-guru/backend/src/utils/timeCalculations.js": {"path":"/Users/eBookPro/Desktop/code/open-mic-guru/backend/src/utils/timeCalculations.js","statementMap":{"0":{"start":{"line":2,"column":22},"end":{"line":2,"column":46}},"1":{"start":{"line":5,"column":32},"end":{"line":7,"column":39}},"2":{"start":{"line":9,"column":33},"end":{"line":11,"column":40}},"3":{"start":{"line":13,"column":32},"end":{"line":13,"column":74}},"4":{"start":{"line":14,"column":30},"end":{"line":14,"column":68}},"5":{"start":{"line":16,"column":4},"end":{"line":16,"column":69}},"6":{"start":{"line":20,"column":4},"end":{"line":20,"column":37}},"7":{"start":{"line":20,"column":24},"end":{"line":20,"column":37}},"8":{"start":{"line":22,"column":29},"end":{"line":23,"column":101}},"9":{"start":{"line":25,"column":32},"end":{"line":28,"column":108}},"10":{"start":{"line":30,"column":33},"end":{"line":33,"column":110}},"11":{"start":{"line":35,"column":4},"end":{"line":35,"column":75}},"12":{"start":{"line":38,"column":0},"end":{"line":38,"column":67}}},"fnMap":{"0":{"name":"calculateSlotStartTime","decl":{"start":{"line":1,"column":9},"end":{"line":1,"column":31}},"loc":{"start":{"line":1,"column":89},"end":{"line":17,"column":1}},"line":1},"1":{"name":"hasTimeRelatedChanges","decl":{"start":{"line":19,"column":9},"end":{"line":19,"column":30}},"loc":{"start":{"line":19,"column":61},"end":{"line":36,"column":1}},"line":19}},"branchMap":{"0":{"loc":{"start":{"line":5,"column":32},"end":{"line":7,"column":39}},"type":"cond-expr","locations":[{"start":{"line":6,"column":10},"end":{"line":6,"column":30}},{"start":{"line":7,"column":10},"end":{"line":7,"column":39}}],"line":5},"1":{"loc":{"start":{"line":9,"column":33},"end":{"line":11,"column":40}},"type":"cond-expr","locations":[{"start":{"line":10,"column":10},"end":{"line":10,"column":31}},{"start":{"line":11,"column":10},"end":{"line":11,"column":40}}],"line":9},"2":{"loc":{"start":{"line":20,"column":4},"end":{"line":20,"column":37}},"type":"if","locations":[{"start":{"line":20,"column":4},"end":{"line":20,"column":37}},{"start":{},"end":{}}],"line":20},"3":{"loc":{"start":{"line":22,"column":29},"end":{"line":23,"column":101}},"type":"binary-expr","locations":[{"start":{"line":22,"column":29},"end":{"line":22,"column":67}},{"start":{"line":23,"column":8},"end":{"line":23,"column":101}}],"line":22},"4":{"loc":{"start":{"line":25,"column":32},"end":{"line":28,"column":108}},"type":"binary-expr","locations":[{"start":{"line":25,"column":32},"end":{"line":25,"column":73}},{"start":{"line":26,"column":9},"end":{"line":28,"column":107}}],"line":25},"5":{"loc":{"start":{"line":26,"column":9},"end":{"line":28,"column":107}},"type":"cond-expr","locations":[{"start":{"line":27,"column":14},"end":{"line":27,"column":89}},{"start":{"line":28,"column":14},"end":{"line":28,"column":107}}],"line":26},"6":{"loc":{"start":{"line":30,"column":33},"end":{"line":33,"column":110}},"type":"binary-expr","locations":[{"start":{"line":30,"column":33},"end":{"line":30,"column":75}},{"start":{"line":31,"column":9},"end":{"line":33,"column":109}}],"line":30},"7":{"loc":{"start":{"line":31,"column":9},"end":{"line":33,"column":109}},"type":"cond-expr","locations":[{"start":{"line":32,"column":14},"end":{"line":32,"column":91}},{"start":{"line":33,"column":14},"end":{"line":33,"column":109}}],"line":31},"8":{"loc":{"start":{"line":35,"column":11},"end":{"line":35,"column":74}},"type":"binary-expr","locations":[{"start":{"line":35,"column":11},"end":{"line":35,"column":27}},{"start":{"line":35,"column":31},"end":{"line":35,"column":50}},{"start":{"line":35,"column":54},"end":{"line":35,"column":74}}],"line":35}},"s":{"0":0,"1":0,"2":0,"3":0,"4":0,"5":0,"6":0,"7":0,"8":0,"9":0,"10":0,"11":0,"12":0},"f":{"0":0,"1":0},"b":{"0":[0,0],"1":[0,0],"2":[0,0],"3":[0,0],"4":[0,0],"5":[0,0],"6":[0,0],"7":[0,0],"8":[0,0,0]}}
,"/Users/eBookPro/Desktop/code/open-mic-guru/backend/src/websocket/WebSocketServer.js": {"path":"/Users/eBookPro/Desktop/code/open-mic-guru/backend/src/websocket/WebSocketServer.js","statementMap":{"0":{"start":{"line":1,"column":18},"end":{"line":1,"column":31}},"1":{"start":{"line":2,"column":12},"end":{"line":2,"column":35}},"2":{"start":{"line":5,"column":16},"end":{"line":36,"column":6}},"3":{"start":{"line":11,"column":12},"end":{"line":14,"column":13}},"4":{"start":{"line":12,"column":16},"end":{"line":12,"column":31}},"5":{"start":{"line":13,"column":16},"end":{"line":13,"column":23}},"6":{"start":{"line":16,"column":12},"end":{"line":34,"column":13}},"7":{"start":{"line":17,"column":38},"end":{"line":17,"column":53}},"8":{"start":{"line":18,"column":37},"end":{"line":18,"column":67}},"9":{"start":{"line":19,"column":37},"end":{"line":19,"column":53}},"10":{"start":{"line":21,"column":34},"end":{"line":22,"column":73}},"11":{"start":{"line":30,"column":16},"end":{"line":30,"column":36}},"12":{"start":{"line":32,"column":16},"end":{"line":32,"column":74}},"13":{"start":{"line":33,"column":16},"end":{"line":33,"column":32}},"14":{"start":{"line":38,"column":20},"end":{"line":38,"column":29}},"15":{"start":{"line":40,"column":4},"end":{"line":57,"column":7}},"16":{"start":{"line":41,"column":20},"end":{"line":41,"column":54}},"17":{"start":{"line":42,"column":22},"end":{"line":42,"column":51}},"18":{"start":{"line":44,"column":8},"end":{"line":56,"column":9}},"19":{"start":{"line":45,"column":12},"end":{"line":55,"column":13}},"20":{"start":{"line":46,"column":32},"end":{"line":46,"column":73}},"21":{"start":{"line":47,"column":31},"end":{"line":47,"column":45}},"22":{"start":{"line":48,"column":16},"end":{"line":48,"column":40}},"23":{"start":{"line":50,"column":16},"end":{"line":52,"column":19}},"24":{"start":{"line":51,"column":20},"end":{"line":51,"column":39}},"25":{"start":{"line":54,"column":16},"end":{"line":54,"column":53}},"26":{"start":{"line":60,"column":29},"end":{"line":60,"column":40}},"27":{"start":{"line":61,"column":8},"end":{"line":65,"column":11}},"28":{"start":{"line":62,"column":12},"end":{"line":64,"column":13}},"29":{"start":{"line":63,"column":16},"end":{"line":63,"column":50}},"30":{"start":{"line":69,"column":8},"end":{"line":73,"column":11}},"31":{"start":{"line":70,"column":12},"end":{"line":72,"column":13}},"32":{"start":{"line":71,"column":16},"end":{"line":71,"column":50}},"33":{"start":{"line":76,"column":4},"end":{"line":76,"column":65}},"34":{"start":{"line":79,"column":0},"end":{"line":79,"column":43}}},"fnMap":{"0":{"name":"initializeWebSocketServer","decl":{"start":{"line":4,"column":9},"end":{"line":4,"column":34}},"loc":{"start":{"line":4,"column":43},"end":{"line":77,"column":1}},"line":4},"1":{"name":"(anonymous_1)","decl":{"start":{"line":9,"column":22},"end":{"line":9,"column":23}},"loc":{"start":{"line":9,"column":53},"end":{"line":35,"column":9}},"line":9},"2":{"name":"(anonymous_2)","decl":{"start":{"line":40,"column":25},"end":{"line":40,"column":26}},"loc":{"start":{"line":40,"column":38},"end":{"line":57,"column":5}},"line":40},"3":{"name":"(anonymous_3)","decl":{"start":{"line":50,"column":31},"end":{"line":50,"column":32}},"loc":{"start":{"line":50,"column":37},"end":{"line":52,"column":17}},"line":50},"4":{"name":"broadcastNotification","decl":{"start":{"line":59,"column":13},"end":{"line":59,"column":34}},"loc":{"start":{"line":59,"column":41},"end":{"line":66,"column":5}},"line":59},"5":{"name":"(anonymous_5)","decl":{"start":{"line":61,"column":28},"end":{"line":61,"column":29}},"loc":{"start":{"line":61,"column":38},"end":{"line":65,"column":9}},"line":61},"6":{"name":"broadcastLineupUpdate","decl":{"start":{"line":68,"column":13},"end":{"line":68,"column":34}},"loc":{"start":{"line":68,"column":41},"end":{"line":74,"column":5}},"line":68},"7":{"name":"(anonymous_7)","decl":{"start":{"line":69,"column":28},"end":{"line":69,"column":29}},"loc":{"start":{"line":69,"column":38},"end":{"line":73,"column":9}},"line":69}},"branchMap":{"0":{"loc":{"start":{"line":11,"column":12},"end":{"line":14,"column":13}},"type":"if","locations":[{"start":{"line":11,"column":12},"end":{"line":14,"column":13}},{"start":{},"end":{}}],"line":11},"1":{"loc":{"start":{"line":21,"column":34},"end":{"line":22,"column":73}},"type":"binary-expr","locations":[{"start":{"line":21,"column":34},"end":{"line":21,"column":79}},{"start":{"line":22,"column":32},"end":{"line":22,"column":73}}],"line":21},"2":{"loc":{"start":{"line":44,"column":8},"end":{"line":56,"column":9}},"type":"if","locations":[{"start":{"line":44,"column":8},"end":{"line":56,"column":9}},{"start":{},"end":{}}],"line":44},"3":{"loc":{"start":{"line":62,"column":12},"end":{"line":64,"column":13}},"type":"if","locations":[{"start":{"line":62,"column":12},"end":{"line":64,"column":13}},{"start":{},"end":{}}],"line":62},"4":{"loc":{"start":{"line":62,"column":16},"end":{"line":62,"column":92}},"type":"binary-expr","locations":[{"start":{"line":62,"column":16},"end":{"line":62,"column":52}},{"start":{"line":62,"column":56},"end":{"line":62,"column":92}}],"line":62},"5":{"loc":{"start":{"line":70,"column":12},"end":{"line":72,"column":13}},"type":"if","locations":[{"start":{"line":70,"column":12},"end":{"line":72,"column":13}},{"start":{},"end":{}}],"line":70}},"s":{"0":0,"1":0,"2":0,"3":0,"4":0,"5":0,"6":0,"7":0,"8":0,"9":0,"10":0,"11":0,"12":0,"13":0,"14":0,"15":0,"16":0,"17":0,"18":0,"19":0,"20":0,"21":0,"22":0,"23":0,"24":0,"25":0,"26":0,"27":0,"28":0,"29":0,"30":0,"31":0,"32":0,"33":0,"34":0},"f":{"0":0,"1":0,"2":0,"3":0,"4":0,"5":0,"6":0,"7":0},"b":{"0":[0,0],"1":[0,0],"2":[0,0],"3":[0,0],"4":[0,0],"5":[0,0]}}
}
