TN:
SF:src/app.js
FNF:0
FNH:0
LF:0
LH:0
BRF:0
BRH:0
end_of_record
TN:
SF:src/controllers/events.js
FNF:0
FNH:0
LF:0
LH:0
BRF:0
BRH:0
end_of_record
TN:
SF:src/controllers/users.js
FNF:0
FNH:0
LF:0
LH:0
BRF:0
BRH:0
end_of_record
TN:
SF:src/db/index.js
FN:12,(anonymous_0)
FN:17,(anonymous_1)
FNF:2
FNH:1
FNDA:0,(anonymous_0)
FNDA:3,(anonymous_1)
DA:1,2
DA:2,2
DA:4,2
DA:12,2
DA:13,0
DA:14,0
DA:17,2
DA:18,3
DA:21,2
LF:9
LH:7
BRDA:5,0,0,2
BRDA:5,0,1,0
BRDA:6,1,0,2
BRDA:6,1,1,0
BRDA:7,2,0,2
BRDA:7,2,1,0
BRDA:8,3,0,2
BRDA:8,3,1,0
BRDA:9,4,0,2
BRDA:9,4,1,0
BRF:10
BRH:5
end_of_record
TN:
SF:src/db/init.js
FN:4,initializeDatabase
FN:39,(anonymous_1)
FN:40,(anonymous_2)
FNF:3
FNH:0
FNDA:0,initializeDatabase
FNDA:0,(anonymous_1)
FNDA:0,(anonymous_2)
DA:1,0
DA:2,0
DA:5,0
DA:6,0
DA:7,0
DA:10,0
DA:20,0
DA:21,0
DA:22,0
DA:25,0
DA:26,0
DA:28,0
DA:29,0
DA:30,0
DA:32,0
DA:37,0
DA:38,0
DA:39,0
DA:40,0
DA:43,0
LF:20
LH:0
BRDA:4,0,0,0
BRDA:26,1,0,0
BRDA:26,1,1,0
BRDA:37,2,0,0
BRDA:37,2,1,0
BRF:5
BRH:0
end_of_record
TN:
SF:src/db/queries.js
FNF:0
FNH:0
LF:0
LH:0
BRF:0
BRH:0
end_of_record
TN:
SF:src/db/schema.js
FNF:0
FNH:0
DA:1,2
DA:89,2
LF:2
LH:2
BRF:0
BRH:0
end_of_record
TN:
SF:src/middleware/verifyToken.js
FN:3,(anonymous_0)
FN:11,(anonymous_1)
FNF:2
FNH:0
FNDA:0,(anonymous_0)
FNDA:0,(anonymous_1)
DA:1,1
DA:3,1
DA:4,0
DA:5,0
DA:7,0
DA:8,0
DA:11,0
DA:12,0
DA:13,0
DA:14,0
DA:18,0
DA:19,0
DA:23,1
LF:13
LH:3
BRDA:5,0,0,0
BRDA:5,0,1,0
BRDA:7,1,0,0
BRDA:7,1,1,0
BRDA:12,2,0,0
BRDA:12,2,1,0
BRF:6
BRH:0
end_of_record
TN:
SF:src/routes/auth.js
FN:12,(anonymous_0)
FN:22,(anonymous_1)
FNF:2
FNH:0
FNDA:0,(anonymous_0)
FNDA:0,(anonymous_1)
DA:1,1
DA:2,1
DA:3,1
DA:4,1
DA:7,1
DA:14,0
DA:19,1
DA:22,1
DA:23,0
DA:26,1
LF:10
LH:8
BRF:0
BRH:0
end_of_record
TN:
SF:src/routes/events.js
FN:19,getUpdateMessage
FN:61,(anonymous_1)
FN:63,(anonymous_2)
FN:82,(anonymous_3)
FN:116,(anonymous_4)
FN:144,(anonymous_5)
FN:249,(anonymous_6)
FN:284,(anonymous_7)
FN:459,(anonymous_8)
FN:495,(anonymous_9)
FN:592,(anonymous_10)
FNF:11
FNH:0
FNDA:0,getUpdateMessage
FNDA:0,(anonymous_1)
FNDA:0,(anonymous_2)
FNDA:0,(anonymous_3)
FNDA:0,(anonymous_4)
FNDA:0,(anonymous_5)
FNDA:0,(anonymous_6)
FNDA:0,(anonymous_7)
FNDA:0,(anonymous_8)
FNDA:0,(anonymous_9)
FNDA:0,(anonymous_10)
DA:1,0
DA:2,0
DA:3,0
DA:4,0
DA:5,0
DA:6,0
DA:7,0
DA:8,0
DA:11,0
DA:17,0
DA:20,0
DA:22,0
DA:23,0
DA:26,0
DA:28,0
DA:29,0
DA:30,0
DA:33,0
DA:35,0
DA:36,0
DA:37,0
DA:40,0
DA:41,0
DA:44,0
DA:45,0
DA:48,0
DA:52,0
DA:53,0
DA:57,0
DA:60,0
DA:61,0
DA:62,0
DA:63,0
DA:65,0
DA:66,0
DA:67,0
DA:68,0
DA:70,0
DA:74,0
DA:75,0
DA:78,0
DA:82,0
DA:83,0
DA:84,0
DA:115,0
DA:116,0
DA:117,0
DA:118,0
DA:119,0
DA:125,0
DA:126,0
DA:127,0
DA:128,0
DA:129,0
DA:134,0
DA:138,0
DA:139,0
DA:144,0
DA:145,0
DA:146,0
DA:147,0
DA:148,0
DA:150,0
DA:176,0
DA:177,0
DA:180,0
DA:181,0
DA:203,0
DA:204,0
DA:232,0
DA:243,0
DA:244,0
DA:249,0
DA:250,0
DA:251,0
DA:262,0
DA:265,0
DA:267,0
DA:268,0
DA:271,0
DA:276,0
DA:278,0
DA:279,0
DA:284,0
DA:285,0
DA:286,0
DA:288,0
DA:290,0
DA:295,0
DA:296,0
DA:299,0
DA:300,0
DA:314,0
DA:316,0
DA:317,0
DA:321,0
DA:326,0
DA:327,0
DA:331,0
DA:332,0
DA:333,0
DA:335,0
DA:341,0
DA:342,0
DA:343,0
DA:344,0
DA:345,0
DA:349,0
DA:351,0
DA:352,0
DA:355,0
DA:363,0
DA:376,0
DA:377,0
DA:378,0
DA:379,0
DA:389,0
DA:390,0
DA:393,0
DA:404,0
DA:405,0
DA:406,0
DA:407,0
DA:409,0
DA:410,0
DA:418,0
DA:419,0
DA:426,0
DA:435,0
DA:441,0
DA:450,0
DA:451,0
DA:453,0
DA:454,0
DA:459,0
DA:460,0
DA:461,0
DA:463,0
DA:465,0
DA:470,0
DA:471,0
DA:472,0
DA:475,0
DA:477,0
DA:478,0
DA:479,0
DA:483,0
DA:484,0
DA:486,0
DA:487,0
DA:489,0
DA:490,0
DA:495,0
DA:496,0
DA:497,0
DA:498,0
DA:500,0
DA:502,0
DA:507,0
DA:508,0
DA:511,0
DA:512,0
DA:515,0
DA:517,0
DA:521,0
DA:522,0
DA:523,0
DA:526,0
DA:532,0
DA:546,0
DA:547,0
DA:548,0
DA:555,0
DA:562,0
DA:571,0
DA:576,0
DA:584,0
DA:585,0
DA:587,0
DA:588,0
DA:592,0
DA:593,0
DA:594,0
DA:595,0
DA:602,0
DA:603,0
DA:604,0
DA:606,0
DA:607,0
DA:611,0
LF:190
LH:0
BRDA:22,0,0,0
BRDA:22,0,1,0
BRDA:22,1,0,0
BRDA:22,1,1,0
BRDA:26,2,0,0
BRDA:26,2,1,0
BRDA:26,3,0,0
BRDA:26,3,1,0
BRDA:33,4,0,0
BRDA:33,4,1,0
BRDA:33,5,0,0
BRDA:33,5,1,0
BRDA:40,6,0,0
BRDA:40,6,1,0
BRDA:40,7,0,0
BRDA:40,7,1,0
BRDA:44,8,0,0
BRDA:44,8,1,0
BRDA:44,9,0,0
BRDA:44,9,1,0
BRDA:45,10,0,0
BRDA:45,10,1,0
BRDA:48,11,0,0
BRDA:48,11,1,0
BRDA:52,12,0,0
BRDA:52,12,1,0
BRDA:57,13,0,0
BRDA:57,13,1,0
BRDA:57,14,0,0
BRDA:57,14,1,0
BRDA:57,14,2,0
BRDA:60,15,0,0
BRDA:60,15,1,0
BRDA:65,16,0,0
BRDA:65,16,1,0
BRDA:67,17,0,0
BRDA:67,17,1,0
BRDA:74,18,0,0
BRDA:74,18,1,0
BRDA:74,19,0,0
BRDA:74,19,1,0
BRDA:75,20,0,0
BRDA:75,20,1,0
BRDA:118,21,0,0
BRDA:118,21,1,0
BRDA:125,22,0,0
BRDA:125,22,1,0
BRDA:127,23,0,0
BRDA:127,23,1,0
BRDA:176,24,0,0
BRDA:176,24,1,0
BRDA:257,25,0,0
BRDA:267,26,0,0
BRDA:267,26,1,0
BRDA:295,27,0,0
BRDA:295,27,1,0
BRDA:299,28,0,0
BRDA:299,28,1,0
BRDA:316,29,0,0
BRDA:316,29,1,0
BRDA:316,30,0,0
BRDA:316,30,1,0
BRDA:316,30,2,0
BRDA:326,31,0,0
BRDA:326,31,1,0
BRDA:342,32,0,0
BRDA:342,32,1,0
BRDA:351,33,0,0
BRDA:351,33,1,0
BRDA:378,34,0,0
BRDA:378,34,1,0
BRDA:394,35,0,0
BRDA:394,35,1,0
BRDA:395,36,0,0
BRDA:395,36,1,0
BRDA:396,37,0,0
BRDA:396,37,1,0
BRDA:397,38,0,0
BRDA:397,38,1,0
BRDA:398,39,0,0
BRDA:398,39,1,0
BRDA:399,40,0,0
BRDA:399,40,1,0
BRDA:400,41,0,0
BRDA:400,41,1,0
BRDA:401,42,0,0
BRDA:401,42,1,0
BRDA:404,43,0,0
BRDA:404,43,1,0
BRDA:409,44,0,0
BRDA:409,44,1,0
BRDA:418,45,0,0
BRDA:418,45,1,0
BRDA:470,46,0,0
BRDA:470,46,1,0
BRDA:477,47,0,0
BRDA:477,47,1,0
BRDA:507,48,0,0
BRDA:507,48,1,0
BRDA:511,49,0,0
BRDA:511,49,1,0
BRF:101
BRH:0
end_of_record
TN:
SF:src/routes/index.js
FN:10,(anonymous_0)
FNF:1
FNH:0
FNDA:0,(anonymous_0)
DA:1,0
DA:2,0
DA:3,0
DA:4,0
DA:5,0
DA:6,0
DA:7,0
DA:10,0
DA:11,0
DA:12,0
DA:13,0
DA:14,0
DA:15,0
DA:16,0
DA:17,0
LF:15
LH:0
BRF:0
BRH:0
end_of_record
TN:
SF:src/routes/lineup_slots.js
FN:8,(anonymous_0)
FN:181,(anonymous_1)
FN:203,(anonymous_2)
FN:285,(anonymous_3)
FNF:4
FNH:0
FNDA:0,(anonymous_0)
FNDA:0,(anonymous_1)
FNDA:0,(anonymous_2)
FNDA:0,(anonymous_3)
DA:1,0
DA:2,0
DA:3,0
DA:4,0
DA:5,0
DA:8,0
DA:9,0
DA:10,0
DA:11,0
DA:14,0
DA:15,0
DA:18,0
DA:20,0
DA:25,0
DA:26,0
DA:30,0
DA:37,0
DA:38,0
DA:41,0
DA:44,0
DA:45,0
DA:50,0
DA:52,0
DA:58,0
DA:61,0
DA:65,0
DA:66,0
DA:73,0
DA:77,0
DA:78,0
DA:79,0
DA:81,0
DA:83,0
DA:91,0
DA:92,0
DA:96,0
DA:104,0
DA:105,0
DA:110,0
DA:128,0
DA:129,0
DA:131,0
DA:138,0
DA:156,0
DA:157,0
DA:158,0
DA:167,0
DA:172,0
DA:173,0
DA:175,0
DA:176,0
DA:181,0
DA:182,0
DA:183,0
DA:184,0
DA:195,0
DA:197,0
DA:198,0
DA:203,0
DA:204,0
DA:205,0
DA:208,0
DA:215,0
DA:216,0
DA:219,0
DA:220,0
DA:221,0
DA:222,0
DA:225,0
DA:226,0
DA:227,0
DA:236,0
DA:241,0
DA:242,0
DA:251,0
DA:255,0
DA:256,0
DA:257,0
DA:258,0
DA:261,0
DA:264,0
DA:275,0
DA:277,0
DA:279,0
DA:280,0
DA:285,0
DA:286,0
DA:288,0
DA:290,0
DA:294,0
DA:297,0
DA:299,0
DA:300,0
DA:304,0
DA:306,0
DA:307,0
DA:314,0
DA:321,0
DA:322,0
DA:332,0
DA:338,0
DA:341,0
DA:348,0
DA:349,0
DA:351,0
DA:352,0
DA:353,0
DA:357,0
LF:108
LH:0
BRDA:10,0,0,0
BRDA:10,0,1,0
BRDA:14,1,0,0
BRDA:14,1,1,0
BRDA:14,2,0,0
BRDA:14,2,1,0
BRDA:14,2,2,0
BRDA:25,3,0,0
BRDA:25,3,1,0
BRDA:25,4,0,0
BRDA:25,4,1,0
BRDA:37,5,0,0
BRDA:37,5,1,0
BRDA:50,6,0,0
BRDA:50,6,1,0
BRDA:65,7,0,0
BRDA:65,7,1,0
BRDA:65,8,0,0
BRDA:65,8,1,0
BRDA:77,9,0,0
BRDA:77,9,1,0
BRDA:78,10,0,0
BRDA:78,10,1,0
BRDA:78,11,0,0
BRDA:78,11,1,0
BRDA:79,12,0,0
BRDA:79,12,1,0
BRDA:79,13,0,0
BRDA:79,13,1,0
BRDA:81,14,0,0
BRDA:81,14,1,0
BRDA:91,15,0,0
BRDA:91,15,1,0
BRDA:104,16,0,0
BRDA:104,16,1,0
BRDA:157,17,0,0
BRDA:157,17,1,0
BRDA:215,18,0,0
BRDA:215,18,1,0
BRDA:221,19,0,0
BRDA:221,19,1,0
BRDA:225,20,0,0
BRDA:225,20,1,0
BRDA:230,21,0,0
BRDA:230,21,1,0
BRDA:306,22,0,0
BRDA:306,22,1,0
BRDA:306,23,0,0
BRDA:306,23,1,0
BRDA:321,24,0,0
BRDA:321,24,1,0
BRF:51
BRH:0
end_of_record
TN:
SF:src/routes/notifications.js
FN:7,(anonymous_0)
FN:17,(anonymous_1)
FN:60,(anonymous_2)
FN:85,(anonymous_3)
FN:111,(anonymous_4)
FN:138,(anonymous_5)
FN:167,(anonymous_6)
FN:180,(anonymous_7)
FNF:8
FNH:0
FNDA:0,(anonymous_0)
FNDA:0,(anonymous_1)
FNDA:0,(anonymous_2)
FNDA:0,(anonymous_3)
FNDA:0,(anonymous_4)
FNDA:0,(anonymous_5)
FNDA:0,(anonymous_6)
FNDA:0,(anonymous_7)
DA:1,0
DA:2,0
DA:3,0
DA:4,0
DA:5,0
DA:7,0
DA:13,0
DA:17,0
DA:18,0
DA:19,0
DA:20,0
DA:21,0
DA:22,0
DA:23,0
DA:25,0
DA:59,0
DA:60,0
DA:61,0
DA:62,0
DA:68,0
DA:73,0
DA:76,0
DA:79,0
DA:80,0
DA:85,0
DA:86,0
DA:87,0
DA:88,0
DA:90,0
DA:100,0
DA:105,0
DA:106,0
DA:111,0
DA:112,0
DA:113,0
DA:114,0
DA:119,0
DA:121,0
DA:127,0
DA:129,0
DA:132,0
DA:133,0
DA:138,0
DA:139,0
DA:140,0
DA:141,0
DA:143,0
DA:160,0
DA:162,0
DA:163,0
DA:167,0
DA:168,0
DA:169,0
DA:170,0
DA:172,0
DA:180,0
DA:181,0
DA:187,0
DA:192,0
DA:193,0
DA:197,0
LF:61
LH:0
BRDA:20,0,0,0
BRDA:20,0,1,0
BRDA:21,1,0,0
BRDA:21,1,1,0
BRDA:54,2,0,0
BRDA:54,2,1,0
BRDA:61,3,0,0
BRDA:61,3,1,0
BRDA:61,4,0,0
BRDA:61,4,1,0
BRDA:119,5,0,0
BRDA:119,5,1,0
BRF:12
BRH:0
end_of_record
TN:
SF:src/routes/users.js
FN:20,(anonymous_0)
FN:74,(anonymous_1)
FN:137,(anonymous_2)
FN:162,(anonymous_3)
FN:227,(anonymous_4)
FN:261,(anonymous_5)
FN:280,(anonymous_6)
FNF:7
FNH:5
FNDA:1,(anonymous_0)
FNDA:2,(anonymous_1)
FNDA:2,(anonymous_2)
FNDA:2,(anonymous_3)
FNDA:0,(anonymous_4)
FNDA:0,(anonymous_5)
FNDA:3,(anonymous_6)
DA:1,1
DA:2,1
DA:3,1
DA:4,1
DA:5,1
DA:6,1
DA:7,1
DA:8,1
DA:11,1
DA:17,1
DA:20,1
DA:21,1
DA:22,1
DA:66,1
DA:68,0
DA:69,0
DA:74,1
DA:75,2
DA:76,2
DA:78,2
DA:79,2
DA:82,2
DA:83,2
DA:84,0
DA:85,0
DA:87,0
DA:88,0
DA:91,0
DA:98,0
DA:100,0
DA:101,0
DA:102,0
DA:105,0
DA:106,0
DA:108,0
DA:110,0
DA:111,0
DA:113,0
DA:114,0
DA:116,0
DA:119,2
DA:120,2
DA:125,1
DA:128,1
DA:129,1
DA:137,1
DA:138,2
DA:139,2
DA:141,2
DA:142,2
DA:143,0
DA:145,2
DA:147,2
DA:148,2
DA:149,1
DA:152,1
DA:154,1
DA:156,0
DA:157,0
DA:162,1
DA:163,2
DA:164,2
DA:167,2
DA:171,2
DA:172,1
DA:174,1
DA:177,1
DA:216,1
DA:219,1
DA:221,0
DA:222,0
DA:227,1
DA:228,0
DA:229,0
DA:232,0
DA:233,0
DA:235,0
DA:236,0
DA:239,0
DA:241,0
DA:242,0
DA:243,0
DA:247,0
DA:250,0
DA:252,0
DA:253,0
DA:255,0
DA:256,0
DA:257,0
DA:261,1
DA:262,0
DA:263,0
DA:264,0
DA:271,0
DA:272,0
DA:273,0
DA:275,0
DA:276,0
DA:280,1
DA:281,3
DA:282,3
DA:283,3
DA:285,3
DA:286,1
DA:289,2
DA:290,2
DA:291,1
DA:294,1
DA:296,0
DA:297,0
DA:301,1
LF:111
LH:60
BRDA:78,0,0,2
BRDA:78,0,1,0
BRDA:83,1,0,0
BRDA:83,1,1,2
BRDA:84,2,0,0
BRDA:84,2,1,0
BRDA:100,3,0,0
BRDA:100,3,1,0
BRDA:119,4,0,2
BRDA:119,4,1,1
BRDA:142,5,0,0
BRDA:142,5,1,2
BRDA:148,6,0,1
BRDA:148,6,1,1
BRDA:171,7,0,1
BRDA:171,7,1,1
BRDA:235,8,0,0
BRDA:235,8,1,0
BRDA:242,9,0,0
BRDA:242,9,1,0
BRDA:285,10,0,1
BRDA:285,10,1,2
BRDA:290,11,0,1
BRDA:290,11,1,1
BRF:24
BRH:13
end_of_record
TN:
SF:src/routes/venues.js
FN:6,(anonymous_0)
FNF:1
FNH:0
FNDA:0,(anonymous_0)
DA:1,0
DA:2,0
DA:3,0
DA:6,0
DA:7,0
DA:9,0
DA:10,0
DA:15,0
DA:16,0
DA:18,0
DA:22,0
DA:25,0
DA:26,0
DA:30,0
LF:14
LH:0
BRDA:15,0,0,0
BRDA:15,0,1,0
BRF:2
BRH:0
end_of_record
TN:
SF:src/utils/apiResponse.js
FN:1,(anonymous_0)
FN:7,(anonymous_1)
FNF:2
FNH:0
FNDA:0,(anonymous_0)
FNDA:0,(anonymous_1)
DA:1,0
DA:7,0
DA:13,0
LF:3
LH:0
BRDA:1,0,0,0
BRDA:7,1,0,0
BRF:2
BRH:0
end_of_record
TN:
SF:src/utils/notifications.js
FN:3,createNotification
FNF:1
FNH:0
FNDA:0,createNotification
DA:1,0
DA:4,0
DA:6,0
DA:11,0
DA:13,0
DA:14,0
DA:15,0
DA:16,0
DA:20,0
DA:21,0
DA:22,0
DA:24,0
DA:25,0
DA:26,0
DA:28,0
DA:29,0
DA:30,0
DA:34,0
DA:42,0
DA:45,0
DA:63,0
DA:64,0
DA:69,0
DA:72,0
DA:74,0
DA:75,0
DA:79,0
LF:27
LH:0
BRDA:3,0,0,0
BRDA:3,1,0,0
BRDA:3,2,0,0
BRDA:14,3,0,0
BRDA:14,3,1,0
BRDA:20,4,0,0
BRDA:20,4,1,0
BRDA:20,5,0,0
BRDA:20,5,1,0
BRDA:24,6,0,0
BRDA:24,6,1,0
BRDA:24,7,0,0
BRDA:24,7,1,0
BRDA:28,8,0,0
BRDA:28,8,1,0
BRDA:28,9,0,0
BRDA:28,9,1,0
BRDA:28,9,2,0
BRDA:63,10,0,0
BRDA:63,10,1,0
BRDA:63,11,0,0
BRDA:63,11,1,0
BRDA:63,11,2,0
BRF:23
BRH:0
end_of_record
TN:
SF:src/utils/timeCalculations.js
FN:1,calculateSlotStartTime
FN:19,hasTimeRelatedChanges
FNF:2
FNH:0
FNDA:0,calculateSlotStartTime
FNDA:0,hasTimeRelatedChanges
DA:2,0
DA:5,0
DA:9,0
DA:13,0
DA:14,0
DA:16,0
DA:20,0
DA:22,0
DA:25,0
DA:30,0
DA:35,0
DA:38,0
LF:12
LH:0
BRDA:5,0,0,0
BRDA:5,0,1,0
BRDA:9,1,0,0
BRDA:9,1,1,0
BRDA:20,2,0,0
BRDA:20,2,1,0
BRDA:22,3,0,0
BRDA:22,3,1,0
BRDA:25,4,0,0
BRDA:25,4,1,0
BRDA:26,5,0,0
BRDA:26,5,1,0
BRDA:30,6,0,0
BRDA:30,6,1,0
BRDA:31,7,0,0
BRDA:31,7,1,0
BRDA:35,8,0,0
BRDA:35,8,1,0
BRDA:35,8,2,0
BRF:19
BRH:0
end_of_record
TN:
SF:src/websocket/WebSocketServer.js
FN:4,initializeWebSocketServer
FN:9,(anonymous_1)
FN:40,(anonymous_2)
FN:50,(anonymous_3)
FN:59,broadcastNotification
FN:61,(anonymous_5)
FN:68,broadcastLineupUpdate
FN:69,(anonymous_7)
FNF:8
FNH:0
FNDA:0,initializeWebSocketServer
FNDA:0,(anonymous_1)
FNDA:0,(anonymous_2)
FNDA:0,(anonymous_3)
FNDA:0,broadcastNotification
FNDA:0,(anonymous_5)
FNDA:0,broadcastLineupUpdate
FNDA:0,(anonymous_7)
DA:1,0
DA:2,0
DA:5,0
DA:11,0
DA:12,0
DA:13,0
DA:16,0
DA:17,0
DA:18,0
DA:19,0
DA:21,0
DA:30,0
DA:32,0
DA:33,0
DA:38,0
DA:40,0
DA:41,0
DA:42,0
DA:44,0
DA:45,0
DA:46,0
DA:47,0
DA:48,0
DA:50,0
DA:51,0
DA:54,0
DA:60,0
DA:61,0
DA:62,0
DA:63,0
DA:69,0
DA:70,0
DA:71,0
DA:76,0
DA:79,0
LF:35
LH:0
BRDA:11,0,0,0
BRDA:11,0,1,0
BRDA:21,1,0,0
BRDA:21,1,1,0
BRDA:44,2,0,0
BRDA:44,2,1,0
BRDA:62,3,0,0
BRDA:62,3,1,0
BRDA:62,4,0,0
BRDA:62,4,1,0
BRDA:70,5,0,0
BRDA:70,5,1,0
BRF:12
BRH:0
end_of_record
